2022-04-24 14:26:13.347  INFO 24780 --- [restartedMain] c.e.petclinic.PetClinicApplication       : Starting PetClinicApplication using Java 11.0.8-internal on HP-5CG5387SS8 with PID 24780 (C:\Users\VBayten\Documents\programlama\SpringBoot\pet-clinic\target\classes started by VBayten in c:\Users\VBayten\Documents\programlama\SpringBoot\pet-clinic)
2022-04-24 14:26:13.364  INFO 24780 --- [restartedMain] c.e.petclinic.PetClinicApplication       : The following 1 profile is active: "dev"
2022-04-24 14:26:13.648  INFO 24780 --- [restartedMain] .e.DevToolsPropertyDefaultsPostProcessor : Devtools property defaults active! Set 'spring.devtools.add-properties' to 'false' to disable
2022-04-24 14:26:13.656  INFO 24780 --- [restartedMain] .e.DevToolsPropertyDefaultsPostProcessor : For additional web related logging consider setting the 'logging.level.web' property to 'DEBUG'
2022-04-24 14:26:17.868  INFO 24780 --- [restartedMain] o.s.b.w.embedded.tomcat.TomcatWebServer  : Tomcat initialized with port(s): 8080 (http)
2022-04-24 14:26:17.909  INFO 24780 --- [restartedMain] o.apache.catalina.core.StandardService   : Starting service [Tomcat]
2022-04-24 14:26:17.914  INFO 24780 --- [restartedMain] org.apache.catalina.core.StandardEngine  : Starting Servlet engine: [Apache Tomcat/9.0.60]
2022-04-24 14:26:18.747  INFO 24780 --- [restartedMain] org.apache.jasper.servlet.TldScanner     : At least one JAR was scanned for TLDs yet contained no TLDs. Enable debug logging for this logger for a complete list of JARs that were scanned but no TLDs were found in them. Skipping unneeded JARs during scanning can improve startup time and JSP compilation time.
2022-04-24 14:26:18.787  INFO 24780 --- [restartedMain] o.a.c.c.C.[Tomcat].[localhost].[/]       : Initializing Spring embedded WebApplicationContext
2022-04-24 14:26:18.788  INFO 24780 --- [restartedMain] w.s.c.ServletWebServerApplicationContext : Root WebApplicationContext: initialization completed in 5130 ms
2022-04-24 14:26:19.671 DEBUG 24780 --- [restartedMain] s.w.s.m.m.a.RequestMappingHandlerAdapter : ControllerAdvice beans: 0 @ModelAttribute, 0 @InitBinder, 1 RequestBodyAdvice, 1 ResponseBodyAdvice
2022-04-24 14:26:19.889 DEBUG 24780 --- [restartedMain] s.w.s.m.m.a.RequestMappingHandlerMapping : 7 mappings in 'requestMappingHandlerMapping'
2022-04-24 14:26:19.901  INFO 24780 --- [restartedMain] o.s.b.a.w.s.WelcomePageHandlerMapping    : Adding welcome page: class path resource [public/index.html]
2022-04-24 14:26:19.968 DEBUG 24780 --- [restartedMain] o.s.w.s.handler.SimpleUrlHandlerMapping  : Patterns [/webjars/**, /**] in 'resourceHandlerMapping'
2022-04-24 14:26:19.988 DEBUG 24780 --- [restartedMain] .m.m.a.ExceptionHandlerExceptionResolver : ControllerAdvice beans: 0 @ExceptionHandler, 1 ResponseBodyAdvice
2022-04-24 14:26:21.213  INFO 24780 --- [restartedMain] o.s.b.d.a.OptionalLiveReloadServer       : LiveReload server is running on port 35729
2022-04-24 14:26:21.230  INFO 24780 --- [restartedMain] o.s.b.a.e.web.EndpointLinksResolver      : Exposing 15 endpoint(s) beneath base path '/actuator'
2022-04-24 14:26:21.549  INFO 24780 --- [restartedMain] o.s.b.w.embedded.tomcat.TomcatWebServer  : Tomcat started on port(s): 8080 (http) with context path ''
2022-04-24 14:26:21.608  INFO 24780 --- [restartedMain] c.e.petclinic.PetClinicApplication       : Started PetClinicApplication in 9.384 seconds (JVM running for 12.708)
2022-04-24 14:26:46.378  INFO 24780 --- [http-nio-8080-exec-1] o.a.c.c.C.[Tomcat].[localhost].[/]       : Initializing Spring DispatcherServlet 'dispatcherServlet'
2022-04-24 14:26:46.381  INFO 24780 --- [http-nio-8080-exec-1] o.s.web.servlet.DispatcherServlet        : Initializing Servlet 'dispatcherServlet'
2022-04-24 14:26:46.390 DEBUG 24780 --- [http-nio-8080-exec-1] o.s.web.servlet.DispatcherServlet        : Detected StandardServletMultipartResolver
2022-04-24 14:26:46.391 DEBUG 24780 --- [http-nio-8080-exec-1] o.s.web.servlet.DispatcherServlet        : Detected AcceptHeaderLocaleResolver
2022-04-24 14:26:46.393 DEBUG 24780 --- [http-nio-8080-exec-1] o.s.web.servlet.DispatcherServlet        : Detected FixedThemeResolver
2022-04-24 14:26:46.399 DEBUG 24780 --- [http-nio-8080-exec-1] o.s.web.servlet.DispatcherServlet        : Detected org.springframework.web.servlet.view.DefaultRequestToViewNameTranslator@3db30525
2022-04-24 14:26:46.404 DEBUG 24780 --- [http-nio-8080-exec-1] o.s.web.servlet.DispatcherServlet        : Detected org.springframework.web.servlet.support.SessionFlashMapManager@699e485a
2022-04-24 14:26:46.406 DEBUG 24780 --- [http-nio-8080-exec-1] o.s.web.servlet.DispatcherServlet        : enableLoggingRequestDetails='false': request parameters and headers will be masked to prevent unsafe logging of potentially sensitive data
2022-04-24 14:26:46.407  INFO 24780 --- [http-nio-8080-exec-1] o.s.web.servlet.DispatcherServlet        : Completed initialization in 18 ms
2022-04-24 14:26:46.435 DEBUG 24780 --- [http-nio-8080-exec-1] o.s.web.servlet.DispatcherServlet        : GET "/owners", parameters={}
2022-04-24 14:26:46.460 DEBUG 24780 --- [http-nio-8080-exec-1] s.w.s.m.m.a.RequestMappingHandlerMapping : Mapped to com.example.petclinic.web.PetClinicController#getOwners()
2022-04-24 14:26:46.497 DEBUG 24780 --- [http-nio-8080-exec-1] o.s.w.s.v.ContentNegotiatingViewResolver : Selected 'text/html' given [text/html, application/xhtml+xml, image/avif, image/webp, image/apng, application/xml;q=0.9, application/signed-exchange;v=b3;q=0.9, */*;q=0.8]
2022-04-24 14:26:47.560 DEBUG 24780 --- [http-nio-8080-exec-1] o.s.web.servlet.DispatcherServlet        : Completed 200 OK
2022-04-24 14:26:47.598 DEBUG 24780 --- [http-nio-8080-exec-2] o.s.web.servlet.DispatcherServlet        : GET "/css/test.css", parameters={}
2022-04-24 14:26:47.612 DEBUG 24780 --- [http-nio-8080-exec-2] o.s.w.s.handler.SimpleUrlHandlerMapping  : Mapped to ResourceHttpRequestHandler [classpath [META-INF/resources/], classpath [resources/], classpath [static/], classpath [public/], ServletContext [/]]
2022-04-24 14:26:47.646 DEBUG 24780 --- [http-nio-8080-exec-2] o.s.web.servlet.DispatcherServlet        : Completed 200 OK
2022-04-24 15:05:33.355  INFO 24780 --- [restartedMain] c.e.petclinic.PetClinicApplication       : Starting PetClinicApplication using Java 11.0.8-internal on HP-5CG5387SS8 with PID 24780 (C:\Users\VBayten\Documents\programlama\SpringBoot\pet-clinic\target\classes started by VBayten in c:\Users\VBayten\Documents\programlama\SpringBoot\pet-clinic)
2022-04-24 15:05:33.361  INFO 24780 --- [restartedMain] c.e.petclinic.PetClinicApplication       : The following 1 profile is active: "dev"
2022-04-24 15:05:34.456  INFO 24780 --- [restartedMain] o.s.b.w.embedded.tomcat.TomcatWebServer  : Tomcat initialized with port(s): 8080 (http)
2022-04-24 15:05:34.459  INFO 24780 --- [restartedMain] o.apache.catalina.core.StandardService   : Starting service [Tomcat]
2022-04-24 15:05:34.460  INFO 24780 --- [restartedMain] org.apache.catalina.core.StandardEngine  : Starting Servlet engine: [Apache Tomcat/9.0.60]
2022-04-24 15:05:34.777  INFO 24780 --- [restartedMain] org.apache.jasper.servlet.TldScanner     : At least one JAR was scanned for TLDs yet contained no TLDs. Enable debug logging for this logger for a complete list of JARs that were scanned but no TLDs were found in them. Skipping unneeded JARs during scanning can improve startup time and JSP compilation time.
2022-04-24 15:05:34.791  INFO 24780 --- [restartedMain] o.a.c.c.C.[Tomcat].[localhost].[/]       : Initializing Spring embedded WebApplicationContext
2022-04-24 15:05:34.792  INFO 24780 --- [restartedMain] w.s.c.ServletWebServerApplicationContext : Root WebApplicationContext: initialization completed in 1415 ms
2022-04-24 15:05:35.127 DEBUG 24780 --- [restartedMain] s.w.s.m.m.a.RequestMappingHandlerAdapter : ControllerAdvice beans: 0 @ModelAttribute, 0 @InitBinder, 1 RequestBodyAdvice, 1 ResponseBodyAdvice
2022-04-24 15:05:35.159 DEBUG 24780 --- [restartedMain] s.w.s.m.m.a.RequestMappingHandlerMapping : 8 mappings in 'requestMappingHandlerMapping'
2022-04-24 15:05:35.161  INFO 24780 --- [restartedMain] o.s.b.a.w.s.WelcomePageHandlerMapping    : Adding welcome page: class path resource [public/index.html]
2022-04-24 15:05:35.179 DEBUG 24780 --- [restartedMain] o.s.w.s.handler.SimpleUrlHandlerMapping  : Patterns [/webjars/**, /**] in 'resourceHandlerMapping'
2022-04-24 15:05:35.189 DEBUG 24780 --- [restartedMain] .m.m.a.ExceptionHandlerExceptionResolver : ControllerAdvice beans: 0 @ExceptionHandler, 1 ResponseBodyAdvice
2022-04-24 15:05:35.623  INFO 24780 --- [restartedMain] o.s.b.d.a.OptionalLiveReloadServer       : LiveReload server is running on port 35729
2022-04-24 15:05:35.649  INFO 24780 --- [restartedMain] o.s.b.a.e.web.EndpointLinksResolver      : Exposing 15 endpoint(s) beneath base path '/actuator'
2022-04-24 15:05:35.778  INFO 24780 --- [restartedMain] o.s.b.w.embedded.tomcat.TomcatWebServer  : Tomcat started on port(s): 8080 (http) with context path ''
2022-04-24 15:05:35.846  INFO 24780 --- [restartedMain] c.e.petclinic.PetClinicApplication       : Started PetClinicApplication in 2.625 seconds (JVM running for 2366.946)
2022-04-24 15:05:35.867  INFO 24780 --- [restartedMain] .ConditionEvaluationDeltaLoggingListener : Condition evaluation unchanged
2022-04-24 15:18:22.748  INFO 25208 --- [restartedMain] c.e.petclinic.PetClinicApplication       : Starting PetClinicApplication using Java 11.0.8-internal on HP-5CG5387SS8 with PID 25208 (C:\Users\VBayten\Documents\programlama\SpringBoot\pet-clinic\target\classes started by VBayten in c:\Users\VBayten\Documents\programlama\SpringBoot\pet-clinic)
2022-04-24 15:18:22.756  INFO 25208 --- [restartedMain] c.e.petclinic.PetClinicApplication       : The following 1 profile is active: "dev"
2022-04-24 15:18:22.986  INFO 25208 --- [restartedMain] .e.DevToolsPropertyDefaultsPostProcessor : Devtools property defaults active! Set 'spring.devtools.add-properties' to 'false' to disable
2022-04-24 15:18:22.987  INFO 25208 --- [restartedMain] .e.DevToolsPropertyDefaultsPostProcessor : For additional web related logging consider setting the 'logging.level.web' property to 'DEBUG'
2022-04-24 15:18:26.655  INFO 25208 --- [restartedMain] o.s.b.w.embedded.tomcat.TomcatWebServer  : Tomcat initialized with port(s): 8080 (http)
2022-04-24 15:18:26.682  INFO 25208 --- [restartedMain] o.apache.catalina.core.StandardService   : Starting service [Tomcat]
2022-04-24 15:18:26.684  INFO 25208 --- [restartedMain] org.apache.catalina.core.StandardEngine  : Starting Servlet engine: [Apache Tomcat/9.0.60]
2022-04-24 15:18:27.264  INFO 25208 --- [restartedMain] org.apache.jasper.servlet.TldScanner     : At least one JAR was scanned for TLDs yet contained no TLDs. Enable debug logging for this logger for a complete list of JARs that were scanned but no TLDs were found in them. Skipping unneeded JARs during scanning can improve startup time and JSP compilation time.
2022-04-24 15:18:27.294  INFO 25208 --- [restartedMain] o.a.c.c.C.[Tomcat].[localhost].[/]       : Initializing Spring embedded WebApplicationContext
2022-04-24 15:18:27.295  INFO 25208 --- [restartedMain] w.s.c.ServletWebServerApplicationContext : Root WebApplicationContext: initialization completed in 4305 ms
2022-04-24 15:18:28.135 DEBUG 25208 --- [restartedMain] s.w.s.m.m.a.RequestMappingHandlerAdapter : ControllerAdvice beans: 0 @ModelAttribute, 0 @InitBinder, 1 RequestBodyAdvice, 1 ResponseBodyAdvice
2022-04-24 15:18:28.398 DEBUG 25208 --- [restartedMain] s.w.s.m.m.a.RequestMappingHandlerMapping : 8 mappings in 'requestMappingHandlerMapping'
2022-04-24 15:18:28.431  INFO 25208 --- [restartedMain] o.s.b.a.w.s.WelcomePageHandlerMapping    : Adding welcome page: class path resource [public/index.html]
2022-04-24 15:18:28.519 DEBUG 25208 --- [restartedMain] o.s.w.s.handler.SimpleUrlHandlerMapping  : Patterns [/webjars/**, /**] in 'resourceHandlerMapping'
2022-04-24 15:18:28.569 DEBUG 25208 --- [restartedMain] .m.m.a.ExceptionHandlerExceptionResolver : ControllerAdvice beans: 0 @ExceptionHandler, 1 ResponseBodyAdvice
2022-04-24 15:18:29.207  INFO 25208 --- [restartedMain] o.s.b.d.a.OptionalLiveReloadServer       : LiveReload server is running on port 35729
2022-04-24 15:18:29.233  INFO 25208 --- [restartedMain] o.s.b.a.e.web.EndpointLinksResolver      : Exposing 15 endpoint(s) beneath base path '/actuator'
2022-04-24 15:18:29.367  INFO 25208 --- [restartedMain] o.s.b.w.embedded.tomcat.TomcatWebServer  : Tomcat started on port(s): 8080 (http) with context path ''
2022-04-24 15:18:29.401  INFO 25208 --- [restartedMain] c.e.petclinic.PetClinicApplication       : Started PetClinicApplication in 8.022 seconds (JVM running for 10.97)
2022-04-24 15:21:04.685  INFO 19768 --- [restartedMain] c.e.petclinic.PetClinicApplication       : Starting PetClinicApplication using Java 11.0.8-internal on HP-5CG5387SS8 with PID 19768 (C:\Users\VBayten\Documents\programlama\SpringBoot\pet-clinic\target\classes started by VBayten in c:\Users\VBayten\Documents\programlama\SpringBoot\pet-clinic)
2022-04-24 15:21:04.688  INFO 19768 --- [restartedMain] c.e.petclinic.PetClinicApplication       : The following 1 profile is active: "dev"
2022-04-24 15:21:04.856  INFO 19768 --- [restartedMain] .e.DevToolsPropertyDefaultsPostProcessor : Devtools property defaults active! Set 'spring.devtools.add-properties' to 'false' to disable
2022-04-24 15:21:04.857  INFO 19768 --- [restartedMain] .e.DevToolsPropertyDefaultsPostProcessor : For additional web related logging consider setting the 'logging.level.web' property to 'DEBUG'
2022-04-24 15:21:08.426  INFO 19768 --- [restartedMain] o.s.b.w.embedded.tomcat.TomcatWebServer  : Tomcat initialized with port(s): 8080 (http)
2022-04-24 15:21:08.447  INFO 19768 --- [restartedMain] o.apache.catalina.core.StandardService   : Starting service [Tomcat]
2022-04-24 15:21:08.450  INFO 19768 --- [restartedMain] org.apache.catalina.core.StandardEngine  : Starting Servlet engine: [Apache Tomcat/9.0.60]
2022-04-24 15:21:09.130  INFO 19768 --- [restartedMain] org.apache.jasper.servlet.TldScanner     : At least one JAR was scanned for TLDs yet contained no TLDs. Enable debug logging for this logger for a complete list of JARs that were scanned but no TLDs were found in them. Skipping unneeded JARs during scanning can improve startup time and JSP compilation time.
2022-04-24 15:21:09.213  INFO 19768 --- [restartedMain] o.a.c.c.C.[Tomcat].[localhost].[/]       : Initializing Spring embedded WebApplicationContext
2022-04-24 15:21:09.215  INFO 19768 --- [restartedMain] w.s.c.ServletWebServerApplicationContext : Root WebApplicationContext: initialization completed in 4357 ms
2022-04-24 15:21:10.861 DEBUG 19768 --- [restartedMain] s.w.s.m.m.a.RequestMappingHandlerAdapter : ControllerAdvice beans: 0 @ModelAttribute, 0 @InitBinder, 1 RequestBodyAdvice, 1 ResponseBodyAdvice
2022-04-24 15:21:11.250 DEBUG 19768 --- [restartedMain] s.w.s.m.m.a.RequestMappingHandlerMapping : 8 mappings in 'requestMappingHandlerMapping'
2022-04-24 15:21:11.277  INFO 19768 --- [restartedMain] o.s.b.a.w.s.WelcomePageHandlerMapping    : Adding welcome page: class path resource [public/index.html]
2022-04-24 15:21:11.376 DEBUG 19768 --- [restartedMain] o.s.w.s.handler.SimpleUrlHandlerMapping  : Patterns [/webjars/**, /**] in 'resourceHandlerMapping'
2022-04-24 15:21:11.420 DEBUG 19768 --- [restartedMain] .m.m.a.ExceptionHandlerExceptionResolver : ControllerAdvice beans: 0 @ExceptionHandler, 1 ResponseBodyAdvice
2022-04-24 15:21:12.358  INFO 19768 --- [restartedMain] o.s.b.d.a.OptionalLiveReloadServer       : LiveReload server is running on port 35729
2022-04-24 15:21:12.374  INFO 19768 --- [restartedMain] o.s.b.a.e.web.EndpointLinksResolver      : Exposing 15 endpoint(s) beneath base path '/actuator'
2022-04-24 15:21:12.628  INFO 19768 --- [restartedMain] o.s.b.w.embedded.tomcat.TomcatWebServer  : Tomcat started on port(s): 8080 (http) with context path ''
2022-04-24 15:21:12.723  INFO 19768 --- [restartedMain] c.e.petclinic.PetClinicApplication       : Started PetClinicApplication in 9.148 seconds (JVM running for 11.92)
2022-04-24 15:21:12.989  INFO 19768 --- [http-nio-8080-exec-1] o.a.c.c.C.[Tomcat].[localhost].[/]       : Initializing Spring DispatcherServlet 'dispatcherServlet'
2022-04-24 15:21:12.993  INFO 19768 --- [http-nio-8080-exec-1] o.s.web.servlet.DispatcherServlet        : Initializing Servlet 'dispatcherServlet'
2022-04-24 15:21:12.994 DEBUG 19768 --- [http-nio-8080-exec-1] o.s.web.servlet.DispatcherServlet        : Detected StandardServletMultipartResolver
2022-04-24 15:21:12.995 DEBUG 19768 --- [http-nio-8080-exec-1] o.s.web.servlet.DispatcherServlet        : Detected AcceptHeaderLocaleResolver
2022-04-24 15:21:13.008 DEBUG 19768 --- [http-nio-8080-exec-1] o.s.web.servlet.DispatcherServlet        : Detected FixedThemeResolver
2022-04-24 15:21:13.012 DEBUG 19768 --- [http-nio-8080-exec-1] o.s.web.servlet.DispatcherServlet        : Detected org.springframework.web.servlet.view.DefaultRequestToViewNameTranslator@137bb327
2022-04-24 15:21:13.016 DEBUG 19768 --- [http-nio-8080-exec-1] o.s.web.servlet.DispatcherServlet        : Detected org.springframework.web.servlet.support.SessionFlashMapManager@63f6fd09
2022-04-24 15:21:13.018 DEBUG 19768 --- [http-nio-8080-exec-1] o.s.web.servlet.DispatcherServlet        : enableLoggingRequestDetails='false': request parameters and headers will be masked to prevent unsafe logging of potentially sensitive data
2022-04-24 15:21:13.018  INFO 19768 --- [http-nio-8080-exec-1] o.s.web.servlet.DispatcherServlet        : Completed initialization in 25 ms
2022-04-24 15:21:13.070 DEBUG 19768 --- [http-nio-8080-exec-1] o.s.web.servlet.DispatcherServlet        : GET "/owners", parameters={}
2022-04-24 15:21:13.098 DEBUG 19768 --- [http-nio-8080-exec-1] s.w.s.m.m.a.RequestMappingHandlerMapping : Mapped to com.example.petclinic.web.PetClinicController#getOwners()
2022-04-24 15:21:13.144 DEBUG 19768 --- [http-nio-8080-exec-1] o.s.w.s.v.ContentNegotiatingViewResolver : Selected 'text/html' given [text/html, application/xhtml+xml, image/avif, image/webp, image/apng, application/xml;q=0.9, application/signed-exchange;v=b3;q=0.9, */*;q=0.8]
2022-04-24 15:21:14.259 DEBUG 19768 --- [http-nio-8080-exec-1] o.s.web.servlet.DispatcherServlet        : Completed 200 OK
2022-04-24 15:21:14.309 DEBUG 19768 --- [http-nio-8080-exec-2] o.s.web.servlet.DispatcherServlet        : GET "/css/test.css", parameters={}
2022-04-24 15:21:14.322 DEBUG 19768 --- [http-nio-8080-exec-2] o.s.w.s.handler.SimpleUrlHandlerMapping  : Mapped to ResourceHttpRequestHandler [classpath [META-INF/resources/], classpath [resources/], classpath [static/], classpath [public/], ServletContext [/]]
2022-04-24 15:21:14.357 DEBUG 19768 --- [http-nio-8080-exec-2] o.s.web.servlet.DispatcherServlet        : Completed 200 OK
2022-04-24 15:21:21.572 DEBUG 19768 --- [http-nio-8080-exec-3] o.s.web.servlet.DispatcherServlet        : GET "/rest/owners", parameters={}
2022-04-24 15:21:21.577 DEBUG 19768 --- [http-nio-8080-exec-3] s.w.s.m.m.a.RequestMappingHandlerMapping : Mapped to com.example.petclinic.web.PetClinicRestController#getOwners()
2022-04-24 15:21:21.593 DEBUG 19768 --- [http-nio-8080-exec-3] o.s.w.s.m.m.a.HttpEntityMethodProcessor  : Using 'application/json;q=0.8', given [text/html, application/xhtml+xml, image/avif, image/webp, image/apng, application/xml;q=0.9, application/signed-exchange;v=b3;q=0.9, */*;q=0.8] and supported [application/json, application/*+json, application/json, application/*+json]
2022-04-24 15:21:21.597 DEBUG 19768 --- [http-nio-8080-exec-3] o.s.w.s.m.m.a.HttpEntityMethodProcessor  : Writing [[Owner [firstName=Vildan, id=1, lastName=Bay], Owner [firstName=Hilmi, id=2, lastName=Bay], Owner [f (truncated)...]
2022-04-24 15:21:21.681 DEBUG 19768 --- [http-nio-8080-exec-3] o.s.web.servlet.DispatcherServlet        : Completed 200 OK
2022-04-24 15:22:04.920 DEBUG 19768 --- [http-nio-8080-exec-4] o.s.web.servlet.DispatcherServlet        : GET "/rest/owners", parameters={}
2022-04-24 15:22:04.926 DEBUG 19768 --- [http-nio-8080-exec-4] s.w.s.m.m.a.RequestMappingHandlerMapping : Mapped to com.example.petclinic.web.PetClinicRestController#getOwners()
2022-04-24 15:22:04.930 DEBUG 19768 --- [http-nio-8080-exec-4] o.s.w.s.m.m.a.HttpEntityMethodProcessor  : Using 'application/json;q=0.8', given [text/html, application/xhtml+xml, image/avif, image/webp, image/apng, application/xml;q=0.9, application/signed-exchange;v=b3;q=0.9, */*;q=0.8] and supported [application/json, application/*+json, application/json, application/*+json]
2022-04-24 15:22:04.931 DEBUG 19768 --- [http-nio-8080-exec-4] o.s.w.s.m.m.a.HttpEntityMethodProcessor  : Writing [[Owner [firstName=Vildan, id=1, lastName=Bay], Owner [firstName=Hilmi, id=2, lastName=Bay], Owner [f (truncated)...]
2022-04-24 15:22:04.939 DEBUG 19768 --- [http-nio-8080-exec-4] o.s.web.servlet.DispatcherServlet        : Completed 200 OK
2022-04-24 15:22:07.112 DEBUG 19768 --- [http-nio-8080-exec-5] o.s.web.servlet.DispatcherServlet        : GET "/rest/owners", parameters={}
2022-04-24 15:22:07.114 DEBUG 19768 --- [http-nio-8080-exec-5] s.w.s.m.m.a.RequestMappingHandlerMapping : Mapped to com.example.petclinic.web.PetClinicRestController#getOwners()
2022-04-24 15:22:07.117 DEBUG 19768 --- [http-nio-8080-exec-5] o.s.w.s.m.m.a.HttpEntityMethodProcessor  : Using 'application/json;q=0.8', given [text/html, application/xhtml+xml, image/avif, image/webp, image/apng, application/xml;q=0.9, application/signed-exchange;v=b3;q=0.9, */*;q=0.8] and supported [application/json, application/*+json, application/json, application/*+json]
2022-04-24 15:22:07.119 DEBUG 19768 --- [http-nio-8080-exec-5] o.s.w.s.m.m.a.HttpEntityMethodProcessor  : Writing [[Owner [firstName=Vildan, id=1, lastName=Bay], Owner [firstName=Hilmi, id=2, lastName=Bay], Owner [f (truncated)...]
2022-04-24 15:22:07.124 DEBUG 19768 --- [http-nio-8080-exec-5] o.s.web.servlet.DispatcherServlet        : Completed 200 OK
2022-04-24 15:22:07.595 DEBUG 19768 --- [http-nio-8080-exec-6] o.s.web.servlet.DispatcherServlet        : GET "/rest/owners", parameters={}
2022-04-24 15:22:07.597 DEBUG 19768 --- [http-nio-8080-exec-6] s.w.s.m.m.a.RequestMappingHandlerMapping : Mapped to com.example.petclinic.web.PetClinicRestController#getOwners()
2022-04-24 15:22:07.603 DEBUG 19768 --- [http-nio-8080-exec-6] o.s.w.s.m.m.a.HttpEntityMethodProcessor  : Using 'application/json;q=0.8', given [text/html, application/xhtml+xml, image/avif, image/webp, image/apng, application/xml;q=0.9, application/signed-exchange;v=b3;q=0.9, */*;q=0.8] and supported [application/json, application/*+json, application/json, application/*+json]
2022-04-24 15:22:07.605 DEBUG 19768 --- [http-nio-8080-exec-6] o.s.w.s.m.m.a.HttpEntityMethodProcessor  : Writing [[Owner [firstName=Vildan, id=1, lastName=Bay], Owner [firstName=Hilmi, id=2, lastName=Bay], Owner [f (truncated)...]
2022-04-24 15:22:07.608 DEBUG 19768 --- [http-nio-8080-exec-6] o.s.web.servlet.DispatcherServlet        : Completed 200 OK
2022-04-24 15:22:07.775 DEBUG 19768 --- [http-nio-8080-exec-7] o.s.web.servlet.DispatcherServlet        : GET "/rest/owners", parameters={}
2022-04-24 15:22:07.777 DEBUG 19768 --- [http-nio-8080-exec-7] s.w.s.m.m.a.RequestMappingHandlerMapping : Mapped to com.example.petclinic.web.PetClinicRestController#getOwners()
2022-04-24 15:22:07.779 DEBUG 19768 --- [http-nio-8080-exec-7] o.s.w.s.m.m.a.HttpEntityMethodProcessor  : Using 'application/json;q=0.8', given [text/html, application/xhtml+xml, image/avif, image/webp, image/apng, application/xml;q=0.9, application/signed-exchange;v=b3;q=0.9, */*;q=0.8] and supported [application/json, application/*+json, application/json, application/*+json]
2022-04-24 15:22:07.779 DEBUG 19768 --- [http-nio-8080-exec-7] o.s.w.s.m.m.a.HttpEntityMethodProcessor  : Writing [[Owner [firstName=Vildan, id=1, lastName=Bay], Owner [firstName=Hilmi, id=2, lastName=Bay], Owner [f (truncated)...]
2022-04-24 15:22:07.781 DEBUG 19768 --- [http-nio-8080-exec-7] o.s.web.servlet.DispatcherServlet        : Completed 200 OK
2022-04-24 15:22:08.144 DEBUG 19768 --- [http-nio-8080-exec-8] o.s.web.servlet.DispatcherServlet        : GET "/rest/owners", parameters={}
2022-04-24 15:22:08.146 DEBUG 19768 --- [http-nio-8080-exec-8] s.w.s.m.m.a.RequestMappingHandlerMapping : Mapped to com.example.petclinic.web.PetClinicRestController#getOwners()
2022-04-24 15:22:08.147 DEBUG 19768 --- [http-nio-8080-exec-8] o.s.w.s.m.m.a.HttpEntityMethodProcessor  : Using 'application/json;q=0.8', given [text/html, application/xhtml+xml, image/avif, image/webp, image/apng, application/xml;q=0.9, application/signed-exchange;v=b3;q=0.9, */*;q=0.8] and supported [application/json, application/*+json, application/json, application/*+json]
2022-04-24 15:22:08.148 DEBUG 19768 --- [http-nio-8080-exec-8] o.s.w.s.m.m.a.HttpEntityMethodProcessor  : Writing [[Owner [firstName=Vildan, id=1, lastName=Bay], Owner [firstName=Hilmi, id=2, lastName=Bay], Owner [f (truncated)...]
2022-04-24 15:22:08.156 DEBUG 19768 --- [http-nio-8080-exec-8] o.s.web.servlet.DispatcherServlet        : Completed 200 OK
2022-04-24 19:27:13.467  INFO 21536 --- [main] c.e.petclinic.PetClinicApplicationTests  : Starting PetClinicApplicationTests using Java 11.0.8-internal on HP-5CG5387SS8 with PID 21536 (started by VBayten in c:\Users\VBayten\Documents\programlama\SpringBoot\pet-clinic)
2022-04-24 19:27:13.473  INFO 21536 --- [main] c.e.petclinic.PetClinicApplicationTests  : No active profile set, falling back to 1 default profile: "default"
2022-04-24 19:27:13.658 DEBUG 21536 --- [main] o.s.w.c.s.GenericWebApplicationContext   : Refreshing org.springframework.web.context.support.GenericWebApplicationContext@4fa06f52
2022-04-24 19:27:17.703 DEBUG 21536 --- [main] s.w.s.m.m.a.RequestMappingHandlerAdapter : ControllerAdvice beans: 0 @ModelAttribute, 0 @InitBinder, 1 RequestBodyAdvice, 1 ResponseBodyAdvice
2022-04-24 19:27:17.951 DEBUG 21536 --- [main] s.w.s.m.m.a.RequestMappingHandlerMapping : 4 mappings in 'requestMappingHandlerMapping'
2022-04-24 19:27:17.957  INFO 21536 --- [main] o.s.b.a.w.s.WelcomePageHandlerMapping    : Adding welcome page: class path resource [public/index.html]
2022-04-24 19:27:18.137 DEBUG 21536 --- [main] o.s.w.s.handler.SimpleUrlHandlerMapping  : Patterns [/webjars/**, /**] in 'resourceHandlerMapping'
2022-04-24 19:27:18.184 DEBUG 21536 --- [main] .m.m.a.ExceptionHandlerExceptionResolver : ControllerAdvice beans: 0 @ExceptionHandler, 1 ResponseBodyAdvice
2022-04-24 19:27:18.876  INFO 21536 --- [main] o.s.b.a.e.web.EndpointLinksResolver      : Exposing 0 endpoint(s) beneath base path '/actuator'
2022-04-24 19:27:19.082  INFO 21536 --- [main] c.e.petclinic.PetClinicApplicationTests  : Started PetClinicApplicationTests in 6.577 seconds (JVM running for 9.007)
2022-04-24 19:27:20.325 DEBUG 21536 --- [SpringApplicationShutdownHook] o.s.w.c.s.GenericWebApplicationContext   : Closing org.springframework.web.context.support.GenericWebApplicationContext@4fa06f52, started on Sun Apr 24 19:27:13 CEST 2022
2022-04-24 19:56:12.112  INFO 5004 --- [main] c.e.petclinic.PetClinicApplicationTests  : Starting PetClinicApplicationTests using Java 11.0.8-internal on HP-5CG5387SS8 with PID 5004 (started by VBayten in c:\Users\VBayten\Documents\programlama\SpringBoot\pet-clinic)
2022-04-24 19:56:12.125  INFO 5004 --- [main] c.e.petclinic.PetClinicApplicationTests  : No active profile set, falling back to 1 default profile: "default"
2022-04-24 19:56:12.289 DEBUG 5004 --- [main] o.s.w.c.s.GenericWebApplicationContext   : Refreshing org.springframework.web.context.support.GenericWebApplicationContext@4fa06f52
2022-04-24 19:56:16.296 DEBUG 5004 --- [main] s.w.s.m.m.a.RequestMappingHandlerAdapter : ControllerAdvice beans: 0 @ModelAttribute, 0 @InitBinder, 1 RequestBodyAdvice, 1 ResponseBodyAdvice
2022-04-24 19:56:16.592 DEBUG 5004 --- [main] s.w.s.m.m.a.RequestMappingHandlerMapping : 4 mappings in 'requestMappingHandlerMapping'
2022-04-24 19:56:16.600  INFO 5004 --- [main] o.s.b.a.w.s.WelcomePageHandlerMapping    : Adding welcome page: class path resource [public/index.html]
2022-04-24 19:56:16.783 DEBUG 5004 --- [main] o.s.w.s.handler.SimpleUrlHandlerMapping  : Patterns [/webjars/**, /**] in 'resourceHandlerMapping'
2022-04-24 19:56:16.837 DEBUG 5004 --- [main] .m.m.a.ExceptionHandlerExceptionResolver : ControllerAdvice beans: 0 @ExceptionHandler, 1 ResponseBodyAdvice
2022-04-24 19:56:17.635  INFO 5004 --- [main] o.s.b.a.e.web.EndpointLinksResolver      : Exposing 0 endpoint(s) beneath base path '/actuator'
2022-04-24 19:56:17.878  INFO 5004 --- [main] c.e.petclinic.PetClinicApplicationTests  : Started PetClinicApplicationTests in 6.702 seconds (JVM running for 9.317)
2022-04-24 19:56:19.522 DEBUG 5004 --- [SpringApplicationShutdownHook] o.s.w.c.s.GenericWebApplicationContext   : Closing org.springframework.web.context.support.GenericWebApplicationContext@4fa06f52, started on Sun Apr 24 19:56:12 CEST 2022
2022-04-24 22:47:21.578  INFO 17292 --- [restartedMain] c.e.petclinic.PetClinicApplication       : Starting PetClinicApplication using Java 11.0.8-internal on HP-5CG5387SS8 with PID 17292 (C:\Users\VBayten\Documents\programlama\SpringBoot\pet-clinic\target\classes started by VBayten in c:\Users\VBayten\Documents\programlama\SpringBoot\pet-clinic)
2022-04-24 22:47:21.582  INFO 17292 --- [restartedMain] c.e.petclinic.PetClinicApplication       : The following 1 profile is active: "dev"
2022-04-24 22:47:21.882  INFO 17292 --- [restartedMain] .e.DevToolsPropertyDefaultsPostProcessor : Devtools property defaults active! Set 'spring.devtools.add-properties' to 'false' to disable
2022-04-24 22:47:21.882  INFO 17292 --- [restartedMain] .e.DevToolsPropertyDefaultsPostProcessor : For additional web related logging consider setting the 'logging.level.web' property to 'DEBUG'
2022-04-24 22:47:25.993  INFO 17292 --- [restartedMain] o.s.b.w.embedded.tomcat.TomcatWebServer  : Tomcat initialized with port(s): 8080 (http)
2022-04-24 22:47:26.017  INFO 17292 --- [restartedMain] o.apache.catalina.core.StandardService   : Starting service [Tomcat]
2022-04-24 22:47:26.019  INFO 17292 --- [restartedMain] org.apache.catalina.core.StandardEngine  : Starting Servlet engine: [Apache Tomcat/9.0.60]
2022-04-24 22:47:26.828  INFO 17292 --- [restartedMain] org.apache.jasper.servlet.TldScanner     : At least one JAR was scanned for TLDs yet contained no TLDs. Enable debug logging for this logger for a complete list of JARs that were scanned but no TLDs were found in them. Skipping unneeded JARs during scanning can improve startup time and JSP compilation time.
2022-04-24 22:47:26.932  INFO 17292 --- [restartedMain] o.a.c.c.C.[Tomcat].[localhost].[/]       : Initializing Spring embedded WebApplicationContext
2022-04-24 22:47:26.932  INFO 17292 --- [restartedMain] w.s.c.ServletWebServerApplicationContext : Root WebApplicationContext: initialization completed in 5048 ms
2022-04-24 22:47:28.765 DEBUG 17292 --- [restartedMain] s.w.s.m.m.a.RequestMappingHandlerAdapter : ControllerAdvice beans: 0 @ModelAttribute, 0 @InitBinder, 1 RequestBodyAdvice, 1 ResponseBodyAdvice
2022-04-24 22:47:29.045 DEBUG 17292 --- [restartedMain] s.w.s.m.m.a.RequestMappingHandlerMapping : 8 mappings in 'requestMappingHandlerMapping'
2022-04-24 22:47:29.051  INFO 17292 --- [restartedMain] o.s.b.a.w.s.WelcomePageHandlerMapping    : Adding welcome page: class path resource [public/index.html]
2022-04-24 22:47:29.115 DEBUG 17292 --- [restartedMain] o.s.w.s.handler.SimpleUrlHandlerMapping  : Patterns [/webjars/**, /**] in 'resourceHandlerMapping'
2022-04-24 22:47:29.139 DEBUG 17292 --- [restartedMain] .m.m.a.ExceptionHandlerExceptionResolver : ControllerAdvice beans: 0 @ExceptionHandler, 1 ResponseBodyAdvice
2022-04-24 22:47:30.284  INFO 17292 --- [restartedMain] o.s.b.d.a.OptionalLiveReloadServer       : LiveReload server is running on port 35729
2022-04-24 22:47:30.303  INFO 17292 --- [restartedMain] o.s.b.a.e.web.EndpointLinksResolver      : Exposing 15 endpoint(s) beneath base path '/actuator'
2022-04-24 22:47:30.547  INFO 17292 --- [restartedMain] o.s.b.w.embedded.tomcat.TomcatWebServer  : Tomcat started on port(s): 8080 (http) with context path ''
2022-04-24 22:47:30.609  INFO 17292 --- [restartedMain] c.e.petclinic.PetClinicApplication       : Started PetClinicApplication in 10.117 seconds (JVM running for 12.996)
2022-04-24 22:47:30.783  INFO 17292 --- [http-nio-8080-exec-1] o.a.c.c.C.[Tomcat].[localhost].[/]       : Initializing Spring DispatcherServlet 'dispatcherServlet'
2022-04-24 22:47:30.786  INFO 17292 --- [http-nio-8080-exec-1] o.s.web.servlet.DispatcherServlet        : Initializing Servlet 'dispatcherServlet'
2022-04-24 22:47:30.789 DEBUG 17292 --- [http-nio-8080-exec-1] o.s.web.servlet.DispatcherServlet        : Detected StandardServletMultipartResolver
2022-04-24 22:47:30.790 DEBUG 17292 --- [http-nio-8080-exec-1] o.s.web.servlet.DispatcherServlet        : Detected AcceptHeaderLocaleResolver
2022-04-24 22:47:30.790 DEBUG 17292 --- [http-nio-8080-exec-1] o.s.web.servlet.DispatcherServlet        : Detected FixedThemeResolver
2022-04-24 22:47:30.807 DEBUG 17292 --- [http-nio-8080-exec-1] o.s.web.servlet.DispatcherServlet        : Detected org.springframework.web.servlet.view.DefaultRequestToViewNameTranslator@52d87ec6
2022-04-24 22:47:30.809 DEBUG 17292 --- [http-nio-8080-exec-1] o.s.web.servlet.DispatcherServlet        : Detected org.springframework.web.servlet.support.SessionFlashMapManager@dabccbc
2022-04-24 22:47:30.822 DEBUG 17292 --- [http-nio-8080-exec-1] o.s.web.servlet.DispatcherServlet        : enableLoggingRequestDetails='false': request parameters and headers will be masked to prevent unsafe logging of potentially sensitive data
2022-04-24 22:47:30.823  INFO 17292 --- [http-nio-8080-exec-1] o.s.web.servlet.DispatcherServlet        : Completed initialization in 36 ms
2022-04-24 22:47:30.852 DEBUG 17292 --- [http-nio-8080-exec-1] o.s.web.servlet.DispatcherServlet        : GET "/rest/owner", parameters={}
2022-04-24 22:47:30.910 DEBUG 17292 --- [http-nio-8080-exec-1] s.w.s.m.m.a.RequestMappingHandlerMapping : Mapped to com.example.petclinic.web.PetClinicRestController#getOwners(String)
2022-04-24 22:47:30.986 DEBUG 17292 --- [http-nio-8080-exec-1] o.s.web.method.HandlerMethod             : Could not resolve parameter [0] in public org.springframework.http.ResponseEntity<java.util.List<com.example.petclinic.model.Owner>> com.example.petclinic.web.PetClinicRestController.getOwners(java.lang.String): Required request parameter 'ln' for method parameter type String is not present
2022-04-24 22:47:30.991  WARN 17292 --- [http-nio-8080-exec-1] .w.s.m.s.DefaultHandlerExceptionResolver : Resolved [org.springframework.web.bind.MissingServletRequestParameterException: Required request parameter 'ln' for method parameter type String is not present]
2022-04-24 22:47:30.992 DEBUG 17292 --- [http-nio-8080-exec-1] o.s.web.servlet.DispatcherServlet        : Completed 400 BAD_REQUEST
2022-04-24 22:47:31.052 DEBUG 17292 --- [http-nio-8080-exec-1] o.s.web.servlet.DispatcherServlet        : "ERROR" dispatch for GET "/error", parameters={}
2022-04-24 22:47:31.074 DEBUG 17292 --- [http-nio-8080-exec-1] s.w.s.m.m.a.RequestMappingHandlerMapping : Mapped to org.springframework.boot.autoconfigure.web.servlet.error.BasicErrorController#errorHtml(HttpServletRequest, HttpServletResponse)
2022-04-24 22:47:31.156 DEBUG 17292 --- [http-nio-8080-exec-1] o.s.w.s.v.ContentNegotiatingViewResolver : Selected 'text/html' given [text/html, text/html;q=0.8]
2022-04-24 22:47:31.176 DEBUG 17292 --- [http-nio-8080-exec-1] o.s.web.servlet.DispatcherServlet        : Exiting from "ERROR" dispatch, status 400
2022-04-24 22:47:31.408 DEBUG 17292 --- [http-nio-8080-exec-2] o.s.web.servlet.DispatcherServlet        : GET "/favicon.ico", parameters={}
2022-04-24 22:47:31.416 DEBUG 17292 --- [http-nio-8080-exec-2] o.s.w.s.handler.SimpleUrlHandlerMapping  : Mapped to ResourceHttpRequestHandler [classpath [META-INF/resources/], classpath [resources/], classpath [static/], classpath [public/], ServletContext [/]]
2022-04-24 22:47:31.431 DEBUG 17292 --- [http-nio-8080-exec-2] o.s.w.s.r.ResourceHttpRequestHandler     : Resource not found
2022-04-24 22:47:31.432 DEBUG 17292 --- [http-nio-8080-exec-2] o.s.web.servlet.DispatcherServlet        : Completed 404 NOT_FOUND
2022-04-24 22:47:31.433 DEBUG 17292 --- [http-nio-8080-exec-2] o.s.web.servlet.DispatcherServlet        : "ERROR" dispatch for GET "/error", parameters={}
2022-04-24 22:47:31.440 DEBUG 17292 --- [http-nio-8080-exec-2] s.w.s.m.m.a.RequestMappingHandlerMapping : Mapped to org.springframework.boot.autoconfigure.web.servlet.error.BasicErrorController#error(HttpServletRequest)
2022-04-24 22:47:31.488 DEBUG 17292 --- [http-nio-8080-exec-2] o.s.w.s.m.m.a.HttpEntityMethodProcessor  : Using 'application/json;q=0.8', given [image/avif, image/webp, image/apng, image/svg+xml, image/*, */*;q=0.8] and supported [application/json, application/*+json, application/json, application/*+json]
2022-04-24 22:47:31.500 DEBUG 17292 --- [http-nio-8080-exec-2] o.s.w.s.m.m.a.HttpEntityMethodProcessor  : Writing [{timestamp=Sun Apr 24 22:47:31 CEST 2022, status=404, error=Not Found, message=No message available, (truncated)...]
2022-04-24 22:47:31.658 DEBUG 17292 --- [http-nio-8080-exec-2] o.s.web.servlet.DispatcherServlet        : Exiting from "ERROR" dispatch, status 404
2022-04-24 22:47:36.941 DEBUG 17292 --- [http-nio-8080-exec-3] o.s.web.servlet.DispatcherServlet        : GET "/rest/owner", parameters={}
2022-04-24 22:47:36.945 DEBUG 17292 --- [http-nio-8080-exec-3] s.w.s.m.m.a.RequestMappingHandlerMapping : Mapped to com.example.petclinic.web.PetClinicRestController#getOwners(String)
2022-04-24 22:47:36.946 DEBUG 17292 --- [http-nio-8080-exec-3] o.s.web.method.HandlerMethod             : Could not resolve parameter [0] in public org.springframework.http.ResponseEntity<java.util.List<com.example.petclinic.model.Owner>> com.example.petclinic.web.PetClinicRestController.getOwners(java.lang.String): Required request parameter 'ln' for method parameter type String is not present
2022-04-24 22:47:36.947  WARN 17292 --- [http-nio-8080-exec-3] .w.s.m.s.DefaultHandlerExceptionResolver : Resolved [org.springframework.web.bind.MissingServletRequestParameterException: Required request parameter 'ln' for method parameter type String is not present]
2022-04-24 22:47:36.948 DEBUG 17292 --- [http-nio-8080-exec-3] o.s.web.servlet.DispatcherServlet        : Completed 400 BAD_REQUEST
2022-04-24 22:47:36.949 DEBUG 17292 --- [http-nio-8080-exec-3] o.s.web.servlet.DispatcherServlet        : "ERROR" dispatch for GET "/error", parameters={}
2022-04-24 22:47:36.957 DEBUG 17292 --- [http-nio-8080-exec-3] s.w.s.m.m.a.RequestMappingHandlerMapping : Mapped to org.springframework.boot.autoconfigure.web.servlet.error.BasicErrorController#errorHtml(HttpServletRequest, HttpServletResponse)
2022-04-24 22:47:36.994 DEBUG 17292 --- [http-nio-8080-exec-3] o.s.w.s.v.ContentNegotiatingViewResolver : Selected 'text/html' given [text/html, text/html;q=0.8]
2022-04-24 22:47:37.002 DEBUG 17292 --- [http-nio-8080-exec-3] o.s.web.servlet.DispatcherServlet        : Exiting from "ERROR" dispatch, status 400
2022-04-24 22:47:56.355 DEBUG 17292 --- [http-nio-8080-exec-4] o.s.web.servlet.DispatcherServlet        : GET "/owners", parameters={}
2022-04-24 22:47:56.358 DEBUG 17292 --- [http-nio-8080-exec-4] s.w.s.m.m.a.RequestMappingHandlerMapping : Mapped to com.example.petclinic.web.PetClinicController#getOwners()
2022-04-24 22:47:56.365 DEBUG 17292 --- [http-nio-8080-exec-4] o.s.w.s.v.ContentNegotiatingViewResolver : Selected 'text/html' given [text/html, application/xhtml+xml, image/avif, image/webp, image/apng, application/xml;q=0.9, application/signed-exchange;v=b3;q=0.9, */*;q=0.8]
2022-04-24 22:47:57.200 DEBUG 17292 --- [http-nio-8080-exec-4] o.s.web.servlet.DispatcherServlet        : Completed 200 OK
2022-04-24 22:47:57.248 DEBUG 17292 --- [http-nio-8080-exec-5] o.s.web.servlet.DispatcherServlet        : GET "/css/test.css", parameters={}
2022-04-24 22:47:57.251 DEBUG 17292 --- [http-nio-8080-exec-5] o.s.w.s.handler.SimpleUrlHandlerMapping  : Mapped to ResourceHttpRequestHandler [classpath [META-INF/resources/], classpath [resources/], classpath [static/], classpath [public/], ServletContext [/]]
2022-04-24 22:47:57.260 DEBUG 17292 --- [http-nio-8080-exec-5] o.s.web.servlet.DispatcherServlet        : Completed 200 OK
2022-04-24 22:48:15.699 DEBUG 17292 --- [http-nio-8080-exec-6] o.s.web.servlet.DispatcherServlet        : POST "/rest/owner", parameters={}
2022-04-24 22:48:15.703 DEBUG 17292 --- [http-nio-8080-exec-6] s.w.s.m.m.a.RequestMappingHandlerMapping : Mapped to com.example.petclinic.web.PetClinicRestController#createOwner(Owner)
2022-04-24 22:48:15.789 DEBUG 17292 --- [http-nio-8080-exec-6] m.m.a.RequestResponseBodyMethodProcessor : Read "application/json;charset=UTF-8" to [Owner [firstName=Hatice, id=null, lastName=Task]]
2022-04-24 22:48:15.829 DEBUG 17292 --- [http-nio-8080-exec-6] o.s.w.s.m.m.a.HttpEntityMethodProcessor  : Using 'application/json;q=.2', given [text/html, image/gif, image/jpeg, */*;q=.2, */*;q=.2] and supported [application/json, application/*+json, application/json, application/*+json]
2022-04-24 22:48:15.830 DEBUG 17292 --- [http-nio-8080-exec-6] o.s.w.s.m.m.a.HttpEntityMethodProcessor  : Nothing to write: null body
2022-04-24 22:48:15.830 DEBUG 17292 --- [http-nio-8080-exec-6] o.s.web.servlet.DispatcherServlet        : Completed 201 CREATED
2022-04-24 22:48:15.930 DEBUG 17292 --- [http-nio-8080-exec-7] o.s.web.servlet.DispatcherServlet        : GET "/rest/owner/1650833295800", parameters={}
2022-04-24 22:48:15.932 DEBUG 17292 --- [http-nio-8080-exec-7] s.w.s.m.m.a.RequestMappingHandlerMapping : Mapped to com.example.petclinic.web.PetClinicRestController#getOwner(Long)
2022-04-24 22:48:15.953 DEBUG 17292 --- [http-nio-8080-exec-7] o.s.w.s.m.m.a.HttpEntityMethodProcessor  : Using 'application/json', given [application/json, application/*+json] and supported [application/json, application/*+json, application/json, application/*+json]
2022-04-24 22:48:15.953 DEBUG 17292 --- [http-nio-8080-exec-7] o.s.w.s.m.m.a.HttpEntityMethodProcessor  : Writing [Owner [firstName=Hatice, id=1650833295800, lastName=Task]]
2022-04-24 22:48:15.959 DEBUG 17292 --- [http-nio-8080-exec-7] o.s.web.servlet.DispatcherServlet        : Completed 200 OK
2022-04-24 22:48:16.017 DEBUG 17292 --- [http-nio-8080-exec-8] o.s.web.servlet.DispatcherServlet        : GET "/rest/owner?ln=Bay", parameters={masked}
2022-04-24 22:48:16.018 DEBUG 17292 --- [http-nio-8080-exec-8] s.w.s.m.m.a.RequestMappingHandlerMapping : Mapped to com.example.petclinic.web.PetClinicRestController#getOwners(String)
2022-04-24 22:48:16.028 DEBUG 17292 --- [http-nio-8080-exec-8] o.s.w.s.m.m.a.HttpEntityMethodProcessor  : Using 'application/json', given [application/json, application/*+json] and supported [application/json, application/*+json, application/json, application/*+json]
2022-04-24 22:48:16.031 DEBUG 17292 --- [http-nio-8080-exec-8] o.s.w.s.m.m.a.HttpEntityMethodProcessor  : Writing [[Owner [firstName=Vildan, id=1, lastName=Bay], Owner [firstName=Hilmi, id=2, lastName=Bay], Owner [f (truncated)...]
2022-04-24 22:48:16.034 DEBUG 17292 --- [http-nio-8080-exec-8] o.s.web.servlet.DispatcherServlet        : Completed 200 OK
2022-04-24 22:48:16.094 DEBUG 17292 --- [http-nio-8080-exec-9] o.s.web.servlet.DispatcherServlet        : GET "/rest/owner/2", parameters={}
2022-04-24 22:48:16.096 DEBUG 17292 --- [http-nio-8080-exec-9] s.w.s.m.m.a.RequestMappingHandlerMapping : Mapped to com.example.petclinic.web.PetClinicRestController#getOwner(Long)
2022-04-24 22:48:16.098 DEBUG 17292 --- [http-nio-8080-exec-9] o.s.w.s.m.m.a.HttpEntityMethodProcessor  : Using 'application/json', given [application/json, application/*+json] and supported [application/json, application/*+json, application/json, application/*+json]
2022-04-24 22:48:16.099 DEBUG 17292 --- [http-nio-8080-exec-9] o.s.w.s.m.m.a.HttpEntityMethodProcessor  : Writing [Owner [firstName=Hilmi, id=2, lastName=Bay]]
2022-04-24 22:48:16.100 DEBUG 17292 --- [http-nio-8080-exec-9] o.s.web.servlet.DispatcherServlet        : Completed 200 OK
2022-04-24 22:48:16.119 DEBUG 17292 --- [http-nio-8080-exec-10] o.s.web.servlet.DispatcherServlet        : GET "/rest/owners", parameters={}
2022-04-24 22:48:16.121 DEBUG 17292 --- [http-nio-8080-exec-10] s.w.s.m.m.a.RequestMappingHandlerMapping : Mapped to com.example.petclinic.web.PetClinicRestController#getOwners()
2022-04-24 22:48:16.123 DEBUG 17292 --- [http-nio-8080-exec-10] o.s.w.s.m.m.a.HttpEntityMethodProcessor  : Using 'application/json', given [application/json, application/*+json] and supported [application/json, application/*+json, application/json, application/*+json]
2022-04-24 22:48:16.125 DEBUG 17292 --- [http-nio-8080-exec-10] o.s.w.s.m.m.a.HttpEntityMethodProcessor  : Writing [[Owner [firstName=Vildan, id=1, lastName=Bay], Owner [firstName=Hilmi, id=2, lastName=Bay], Owner [f (truncated)...]
2022-04-24 22:48:16.127 DEBUG 17292 --- [http-nio-8080-exec-10] o.s.web.servlet.DispatcherServlet        : Completed 200 OK
2022-04-24 22:49:46.897 DEBUG 17292 --- [http-nio-8080-exec-4] o.s.web.servlet.DispatcherServlet        : POST "/rest/owner", parameters={}
2022-04-24 22:49:46.902 DEBUG 17292 --- [http-nio-8080-exec-4] s.w.s.m.m.a.RequestMappingHandlerMapping : Mapped to com.example.petclinic.web.PetClinicRestController#createOwner(Owner)
2022-04-24 22:49:46.904 DEBUG 17292 --- [http-nio-8080-exec-4] m.m.a.RequestResponseBodyMethodProcessor : Read "application/json;charset=UTF-8" to [Owner [firstName=Hatice, id=null, lastName=Task]]
2022-04-24 22:49:46.907 DEBUG 17292 --- [http-nio-8080-exec-4] o.s.w.s.m.m.a.HttpEntityMethodProcessor  : Using 'application/json;q=.2', given [text/html, image/gif, image/jpeg, */*;q=.2, */*;q=.2] and supported [application/json, application/*+json, application/json, application/*+json]
2022-04-24 22:49:46.908 DEBUG 17292 --- [http-nio-8080-exec-4] o.s.w.s.m.m.a.HttpEntityMethodProcessor  : Nothing to write: null body
2022-04-24 22:49:46.909 DEBUG 17292 --- [http-nio-8080-exec-4] o.s.web.servlet.DispatcherServlet        : Completed 201 CREATED
2022-04-24 22:49:47.059 DEBUG 17292 --- [http-nio-8080-exec-5] o.s.web.servlet.DispatcherServlet        : GET "/rest/owner/1650833386904", parameters={}
2022-04-24 22:49:47.061 DEBUG 17292 --- [http-nio-8080-exec-5] s.w.s.m.m.a.RequestMappingHandlerMapping : Mapped to com.example.petclinic.web.PetClinicRestController#getOwner(Long)
2022-04-24 22:49:47.063 DEBUG 17292 --- [http-nio-8080-exec-5] o.s.w.s.m.m.a.HttpEntityMethodProcessor  : Using 'application/json', given [application/json, application/*+json] and supported [application/json, application/*+json, application/json, application/*+json]
2022-04-24 22:49:47.063 DEBUG 17292 --- [http-nio-8080-exec-5] o.s.w.s.m.m.a.HttpEntityMethodProcessor  : Writing [Owner [firstName=Hatice, id=1650833386904, lastName=Task]]
2022-04-24 22:49:47.070 DEBUG 17292 --- [http-nio-8080-exec-5] o.s.web.servlet.DispatcherServlet        : Completed 200 OK
2022-04-24 22:49:47.150 DEBUG 17292 --- [http-nio-8080-exec-6] o.s.web.servlet.DispatcherServlet        : GET "/rest/owner?ln=Bay", parameters={masked}
2022-04-24 22:49:47.152 DEBUG 17292 --- [http-nio-8080-exec-6] s.w.s.m.m.a.RequestMappingHandlerMapping : Mapped to com.example.petclinic.web.PetClinicRestController#getOwners(String)
2022-04-24 22:49:47.153 DEBUG 17292 --- [http-nio-8080-exec-6] o.s.w.s.m.m.a.HttpEntityMethodProcessor  : Using 'application/json', given [application/json, application/*+json] and supported [application/json, application/*+json, application/json, application/*+json]
2022-04-24 22:49:47.154 DEBUG 17292 --- [http-nio-8080-exec-6] o.s.w.s.m.m.a.HttpEntityMethodProcessor  : Writing [[Owner [firstName=Vildan, id=1, lastName=Bay], Owner [firstName=Hilmi, id=2, lastName=Bay], Owner [f (truncated)...]
2022-04-24 22:49:47.158 DEBUG 17292 --- [http-nio-8080-exec-6] o.s.web.servlet.DispatcherServlet        : Completed 200 OK
2022-04-24 22:49:47.215 DEBUG 17292 --- [http-nio-8080-exec-7] o.s.web.servlet.DispatcherServlet        : GET "/rest/owner/1", parameters={}
2022-04-24 22:49:47.219 DEBUG 17292 --- [http-nio-8080-exec-7] s.w.s.m.m.a.RequestMappingHandlerMapping : Mapped to com.example.petclinic.web.PetClinicRestController#getOwner(Long)
2022-04-24 22:49:47.220 DEBUG 17292 --- [http-nio-8080-exec-7] o.s.w.s.m.m.a.HttpEntityMethodProcessor  : Using 'application/json', given [application/json, application/*+json] and supported [application/json, application/*+json, application/json, application/*+json]
2022-04-24 22:49:47.221 DEBUG 17292 --- [http-nio-8080-exec-7] o.s.w.s.m.m.a.HttpEntityMethodProcessor  : Writing [Owner [firstName=Vildan, id=1, lastName=Bay]]
2022-04-24 22:49:47.223 DEBUG 17292 --- [http-nio-8080-exec-7] o.s.web.servlet.DispatcherServlet        : Completed 200 OK
2022-04-24 22:49:47.242 DEBUG 17292 --- [http-nio-8080-exec-8] o.s.web.servlet.DispatcherServlet        : GET "/rest/owners", parameters={}
2022-04-24 22:49:47.243 DEBUG 17292 --- [http-nio-8080-exec-8] s.w.s.m.m.a.RequestMappingHandlerMapping : Mapped to com.example.petclinic.web.PetClinicRestController#getOwners()
2022-04-24 22:49:47.244 DEBUG 17292 --- [http-nio-8080-exec-8] o.s.w.s.m.m.a.HttpEntityMethodProcessor  : Using 'application/json', given [application/json, application/*+json] and supported [application/json, application/*+json, application/json, application/*+json]
2022-04-24 22:49:47.245 DEBUG 17292 --- [http-nio-8080-exec-8] o.s.w.s.m.m.a.HttpEntityMethodProcessor  : Writing [[Owner [firstName=Vildan, id=1, lastName=Bay], Owner [firstName=Hilmi, id=2, lastName=Bay], Owner [f (truncated)...]
2022-04-24 22:49:47.247 DEBUG 17292 --- [http-nio-8080-exec-8] o.s.web.servlet.DispatcherServlet        : Completed 200 OK
2022-04-24 22:50:38.754 DEBUG 17292 --- [http-nio-8080-exec-10] o.s.web.servlet.DispatcherServlet        : GET "/css/test.css", parameters={}
2022-04-24 22:50:38.756 DEBUG 17292 --- [http-nio-8080-exec-10] o.s.w.s.handler.SimpleUrlHandlerMapping  : Mapped to ResourceHttpRequestHandler [classpath [META-INF/resources/], classpath [resources/], classpath [static/], classpath [public/], ServletContext [/]]
2022-04-24 22:50:38.762 DEBUG 17292 --- [http-nio-8080-exec-10] o.s.web.servlet.DispatcherServlet        : Completed 200 OK
2022-04-24 22:50:46.096 DEBUG 17292 --- [http-nio-8080-exec-1] o.s.web.servlet.DispatcherServlet        : GET "/rest/owners", parameters={}
2022-04-24 22:50:46.098 DEBUG 17292 --- [http-nio-8080-exec-1] s.w.s.m.m.a.RequestMappingHandlerMapping : Mapped to com.example.petclinic.web.PetClinicRestController#getOwners()
2022-04-24 22:50:46.100 DEBUG 17292 --- [http-nio-8080-exec-1] o.s.w.s.m.m.a.HttpEntityMethodProcessor  : Using 'application/json;q=0.8', given [text/html, application/xhtml+xml, image/avif, image/webp, image/apng, application/xml;q=0.9, application/signed-exchange;v=b3;q=0.9, */*;q=0.8] and supported [application/json, application/*+json, application/json, application/*+json]
2022-04-24 22:50:46.101 DEBUG 17292 --- [http-nio-8080-exec-1] o.s.w.s.m.m.a.HttpEntityMethodProcessor  : Writing [[Owner [firstName=Vildan, id=1, lastName=Bay], Owner [firstName=Hilmi, id=2, lastName=Bay], Owner [f (truncated)...]
2022-04-24 22:50:46.104 DEBUG 17292 --- [http-nio-8080-exec-1] o.s.web.servlet.DispatcherServlet        : Completed 200 OK
2022-04-24 22:57:50.716  INFO 17292 --- [restartedMain] c.e.petclinic.PetClinicApplication       : Starting PetClinicApplication using Java 11.0.8-internal on HP-5CG5387SS8 with PID 17292 (C:\Users\VBayten\Documents\programlama\SpringBoot\pet-clinic\target\classes started by VBayten in c:\Users\VBayten\Documents\programlama\SpringBoot\pet-clinic)
2022-04-24 22:57:50.717  INFO 17292 --- [restartedMain] c.e.petclinic.PetClinicApplication       : The following 1 profile is active: "dev"
2022-04-24 22:57:51.924  INFO 17292 --- [restartedMain] o.s.b.w.embedded.tomcat.TomcatWebServer  : Tomcat initialized with port(s): 8080 (http)
2022-04-24 22:57:51.928  INFO 17292 --- [restartedMain] o.apache.catalina.core.StandardService   : Starting service [Tomcat]
2022-04-24 22:57:51.930  INFO 17292 --- [restartedMain] org.apache.catalina.core.StandardEngine  : Starting Servlet engine: [Apache Tomcat/9.0.60]
2022-04-24 22:57:52.435  INFO 17292 --- [restartedMain] org.apache.jasper.servlet.TldScanner     : At least one JAR was scanned for TLDs yet contained no TLDs. Enable debug logging for this logger for a complete list of JARs that were scanned but no TLDs were found in them. Skipping unneeded JARs during scanning can improve startup time and JSP compilation time.
2022-04-24 22:57:52.507  INFO 17292 --- [restartedMain] o.a.c.c.C.[Tomcat].[localhost].[/]       : Initializing Spring embedded WebApplicationContext
2022-04-24 22:57:52.510  INFO 17292 --- [restartedMain] w.s.c.ServletWebServerApplicationContext : Root WebApplicationContext: initialization completed in 1769 ms
2022-04-24 22:57:53.097 DEBUG 17292 --- [restartedMain] s.w.s.m.m.a.RequestMappingHandlerAdapter : ControllerAdvice beans: 0 @ModelAttribute, 0 @InitBinder, 1 RequestBodyAdvice, 1 ResponseBodyAdvice
2022-04-24 22:57:53.120 DEBUG 17292 --- [restartedMain] s.w.s.m.m.a.RequestMappingHandlerMapping : 9 mappings in 'requestMappingHandlerMapping'
2022-04-24 22:57:53.123  INFO 17292 --- [restartedMain] o.s.b.a.w.s.WelcomePageHandlerMapping    : Adding welcome page: class path resource [public/index.html]
2022-04-24 22:57:53.155 DEBUG 17292 --- [restartedMain] o.s.w.s.handler.SimpleUrlHandlerMapping  : Patterns [/webjars/**, /**] in 'resourceHandlerMapping'
2022-04-24 22:57:53.169 DEBUG 17292 --- [restartedMain] .m.m.a.ExceptionHandlerExceptionResolver : ControllerAdvice beans: 0 @ExceptionHandler, 1 ResponseBodyAdvice
2022-04-24 22:57:53.616  INFO 17292 --- [restartedMain] o.s.b.d.a.OptionalLiveReloadServer       : LiveReload server is running on port 35729
2022-04-24 22:57:53.628  INFO 17292 --- [restartedMain] o.s.b.a.e.web.EndpointLinksResolver      : Exposing 15 endpoint(s) beneath base path '/actuator'
2022-04-24 22:57:53.708  INFO 17292 --- [restartedMain] o.s.b.w.embedded.tomcat.TomcatWebServer  : Tomcat started on port(s): 8080 (http) with context path ''
2022-04-24 22:57:53.721  INFO 17292 --- [restartedMain] c.e.petclinic.PetClinicApplication       : Started PetClinicApplication in 3.141 seconds (JVM running for 636.108)
2022-04-24 22:57:53.728  INFO 17292 --- [restartedMain] .ConditionEvaluationDeltaLoggingListener : Condition evaluation unchanged
2022-04-24 23:03:27.929  INFO 17292 --- [http-nio-8080-exec-1] o.a.c.c.C.[Tomcat].[localhost].[/]       : Initializing Spring DispatcherServlet 'dispatcherServlet'
2022-04-24 23:03:27.933  INFO 17292 --- [http-nio-8080-exec-1] o.s.web.servlet.DispatcherServlet        : Initializing Servlet 'dispatcherServlet'
2022-04-24 23:03:27.933 DEBUG 17292 --- [http-nio-8080-exec-1] o.s.web.servlet.DispatcherServlet        : Detected StandardServletMultipartResolver
2022-04-24 23:03:27.933 DEBUG 17292 --- [http-nio-8080-exec-1] o.s.web.servlet.DispatcherServlet        : Detected AcceptHeaderLocaleResolver
2022-04-24 23:03:27.934 DEBUG 17292 --- [http-nio-8080-exec-1] o.s.web.servlet.DispatcherServlet        : Detected FixedThemeResolver
2022-04-24 23:03:27.935 DEBUG 17292 --- [http-nio-8080-exec-1] o.s.web.servlet.DispatcherServlet        : Detected org.springframework.web.servlet.view.DefaultRequestToViewNameTranslator@779bf8ac
2022-04-24 23:03:27.936 DEBUG 17292 --- [http-nio-8080-exec-1] o.s.web.servlet.DispatcherServlet        : Detected org.springframework.web.servlet.support.SessionFlashMapManager@795c182f
2022-04-24 23:03:27.937 DEBUG 17292 --- [http-nio-8080-exec-1] o.s.web.servlet.DispatcherServlet        : enableLoggingRequestDetails='false': request parameters and headers will be masked to prevent unsafe logging of potentially sensitive data
2022-04-24 23:03:27.938  INFO 17292 --- [http-nio-8080-exec-1] o.s.web.servlet.DispatcherServlet        : Completed initialization in 5 ms
2022-04-24 23:03:27.939 DEBUG 17292 --- [http-nio-8080-exec-1] o.s.web.servlet.DispatcherServlet        : GET "/rest/owner/2", parameters={}
2022-04-24 23:03:27.941 DEBUG 17292 --- [http-nio-8080-exec-1] s.w.s.m.m.a.RequestMappingHandlerMapping : Mapped to com.example.petclinic.web.PetClinicRestController#getOwner(Long)
2022-04-24 23:03:27.953 DEBUG 17292 --- [http-nio-8080-exec-1] o.s.w.s.m.m.a.HttpEntityMethodProcessor  : Using 'application/json', given [application/json, application/*+json] and supported [application/json, application/*+json, application/json, application/*+json]
2022-04-24 23:03:27.954 DEBUG 17292 --- [http-nio-8080-exec-1] o.s.w.s.m.m.a.HttpEntityMethodProcessor  : Writing [Owner [firstName=Hilmi, id=2, lastName=Bay]]
2022-04-24 23:03:27.956 DEBUG 17292 --- [http-nio-8080-exec-1] o.s.web.servlet.DispatcherServlet        : Completed 200 OK
2022-04-24 23:03:28.250 DEBUG 17292 --- [http-nio-8080-exec-10] o.s.web.servlet.DispatcherServlet        : PUT "/rest/owner/2", parameters={}
2022-04-24 23:03:28.253 DEBUG 17292 --- [http-nio-8080-exec-10] s.w.s.m.m.a.RequestMappingHandlerMapping : Mapped to com.example.petclinic.web.PetClinicRestController#updateOwner(Long, Owner)
2022-04-24 23:03:28.277 DEBUG 17292 --- [http-nio-8080-exec-10] m.m.a.RequestResponseBodyMethodProcessor : Read "application/json;charset=UTF-8" to [Owner [firstName=Hilmi hilmi, id=2, lastName=Bay]]
2022-04-24 23:03:28.284 DEBUG 17292 --- [http-nio-8080-exec-10] o.s.w.s.m.m.a.HttpEntityMethodProcessor  : Using 'application/octet-stream', given [*/*] and supported [*/*]
2022-04-24 23:03:28.286 DEBUG 17292 --- [http-nio-8080-exec-10] o.s.web.servlet.DispatcherServlet        : Completed 200 OK
2022-04-24 23:03:28.293 DEBUG 17292 --- [http-nio-8080-exec-9] o.s.web.servlet.DispatcherServlet        : GET "/rest/owner/2", parameters={}
2022-04-24 23:03:28.294 DEBUG 17292 --- [http-nio-8080-exec-9] s.w.s.m.m.a.RequestMappingHandlerMapping : Mapped to com.example.petclinic.web.PetClinicRestController#getOwner(Long)
2022-04-24 23:03:28.298 DEBUG 17292 --- [http-nio-8080-exec-9] o.s.w.s.m.m.a.HttpEntityMethodProcessor  : Using 'application/json', given [application/json, application/*+json] and supported [application/json, application/*+json, application/json, application/*+json]
2022-04-24 23:03:28.300 DEBUG 17292 --- [http-nio-8080-exec-9] o.s.w.s.m.m.a.HttpEntityMethodProcessor  : Writing [Owner [firstName=Hilmi hilmi, id=2, lastName=Bay]]
2022-04-24 23:03:28.302 DEBUG 17292 --- [http-nio-8080-exec-9] o.s.web.servlet.DispatcherServlet        : Completed 200 OK
2022-04-24 23:03:34.355 DEBUG 17292 --- [http-nio-8080-exec-7] o.s.web.servlet.DispatcherServlet        : GET "/rest/owners", parameters={}
2022-04-24 23:03:34.357 DEBUG 17292 --- [http-nio-8080-exec-7] s.w.s.m.m.a.RequestMappingHandlerMapping : Mapped to com.example.petclinic.web.PetClinicRestController#getOwners()
2022-04-24 23:03:34.363 DEBUG 17292 --- [http-nio-8080-exec-7] o.s.w.s.m.m.a.HttpEntityMethodProcessor  : Using 'application/json;q=0.8', given [text/html, application/xhtml+xml, image/avif, image/webp, image/apng, application/xml;q=0.9, application/signed-exchange;v=b3;q=0.9, */*;q=0.8] and supported [application/json, application/*+json, application/json, application/*+json]
2022-04-24 23:03:34.364 DEBUG 17292 --- [http-nio-8080-exec-7] o.s.w.s.m.m.a.HttpEntityMethodProcessor  : Writing [[Owner [firstName=Vildan, id=1, lastName=Bay], Owner [firstName=Hilmi hilmi, id=2, lastName=Bay], Ow (truncated)...]
2022-04-24 23:03:34.370 DEBUG 17292 --- [http-nio-8080-exec-7] o.s.web.servlet.DispatcherServlet        : Completed 200 OK
2022-04-24 23:03:55.683 DEBUG 17292 --- [http-nio-8080-exec-6] o.s.web.servlet.DispatcherServlet        : GET "/rest/owners", parameters={}
2022-04-24 23:03:55.684 DEBUG 17292 --- [http-nio-8080-exec-6] s.w.s.m.m.a.RequestMappingHandlerMapping : Mapped to com.example.petclinic.web.PetClinicRestController#getOwners()
2022-04-24 23:03:55.685 DEBUG 17292 --- [http-nio-8080-exec-6] o.s.w.s.m.m.a.HttpEntityMethodProcessor  : Using 'application/json', given [application/json, application/*+json] and supported [application/json, application/*+json, application/json, application/*+json]
2022-04-24 23:03:55.686 DEBUG 17292 --- [http-nio-8080-exec-6] o.s.w.s.m.m.a.HttpEntityMethodProcessor  : Writing [[Owner [firstName=Vildan, id=1, lastName=Bay], Owner [firstName=Hilmi hilmi, id=2, lastName=Bay], Ow (truncated)...]
2022-04-24 23:03:55.687 DEBUG 17292 --- [http-nio-8080-exec-6] o.s.web.servlet.DispatcherServlet        : Completed 200 OK
2022-04-24 23:07:25.415  INFO 17292 --- [restartedMain] c.e.petclinic.PetClinicApplication       : Starting PetClinicApplication using Java 11.0.8-internal on HP-5CG5387SS8 with PID 17292 (C:\Users\VBayten\Documents\programlama\SpringBoot\pet-clinic\target\classes started by VBayten in c:\Users\VBayten\Documents\programlama\SpringBoot\pet-clinic)
2022-04-24 23:07:25.416  INFO 17292 --- [restartedMain] c.e.petclinic.PetClinicApplication       : The following 1 profile is active: "dev"
2022-04-24 23:07:26.395  INFO 17292 --- [restartedMain] o.s.b.w.embedded.tomcat.TomcatWebServer  : Tomcat initialized with port(s): 8080 (http)
2022-04-24 23:07:26.397  INFO 17292 --- [restartedMain] o.apache.catalina.core.StandardService   : Starting service [Tomcat]
2022-04-24 23:07:26.399  INFO 17292 --- [restartedMain] org.apache.catalina.core.StandardEngine  : Starting Servlet engine: [Apache Tomcat/9.0.60]
2022-04-24 23:07:26.595  INFO 17292 --- [restartedMain] org.apache.jasper.servlet.TldScanner     : At least one JAR was scanned for TLDs yet contained no TLDs. Enable debug logging for this logger for a complete list of JARs that were scanned but no TLDs were found in them. Skipping unneeded JARs during scanning can improve startup time and JSP compilation time.
2022-04-24 23:07:26.610  INFO 17292 --- [restartedMain] o.a.c.c.C.[Tomcat].[localhost].[/]       : Initializing Spring embedded WebApplicationContext
2022-04-24 23:07:26.611  INFO 17292 --- [restartedMain] w.s.c.ServletWebServerApplicationContext : Root WebApplicationContext: initialization completed in 1180 ms
2022-04-24 23:07:26.776 DEBUG 17292 --- [restartedMain] s.w.s.m.m.a.RequestMappingHandlerAdapter : ControllerAdvice beans: 0 @ModelAttribute, 0 @InitBinder, 1 RequestBodyAdvice, 1 ResponseBodyAdvice
2022-04-24 23:07:26.789 DEBUG 17292 --- [restartedMain] s.w.s.m.m.a.RequestMappingHandlerMapping : 10 mappings in 'requestMappingHandlerMapping'
2022-04-24 23:07:26.793  INFO 17292 --- [restartedMain] o.s.b.a.w.s.WelcomePageHandlerMapping    : Adding welcome page: class path resource [public/index.html]
2022-04-24 23:07:26.804 DEBUG 17292 --- [restartedMain] o.s.w.s.handler.SimpleUrlHandlerMapping  : Patterns [/webjars/**, /**] in 'resourceHandlerMapping'
2022-04-24 23:07:26.819 DEBUG 17292 --- [restartedMain] .m.m.a.ExceptionHandlerExceptionResolver : ControllerAdvice beans: 0 @ExceptionHandler, 1 ResponseBodyAdvice
2022-04-24 23:07:26.976  INFO 17292 --- [restartedMain] o.s.b.d.a.OptionalLiveReloadServer       : LiveReload server is running on port 35729
2022-04-24 23:07:26.982  INFO 17292 --- [restartedMain] o.s.b.a.e.web.EndpointLinksResolver      : Exposing 15 endpoint(s) beneath base path '/actuator'
2022-04-24 23:07:27.017  INFO 17292 --- [restartedMain] o.s.b.w.embedded.tomcat.TomcatWebServer  : Tomcat started on port(s): 8080 (http) with context path ''
2022-04-24 23:07:27.027  INFO 17292 --- [restartedMain] c.e.petclinic.PetClinicApplication       : Started PetClinicApplication in 1.729 seconds (JVM running for 1209.414)
2022-04-24 23:07:27.030  INFO 17292 --- [restartedMain] .ConditionEvaluationDeltaLoggingListener : Condition evaluation unchanged
2022-04-24 23:12:35.092  INFO 17292 --- [restartedMain] c.e.petclinic.PetClinicApplication       : Starting PetClinicApplication using Java 11.0.8-internal on HP-5CG5387SS8 with PID 17292 (C:\Users\VBayten\Documents\programlama\SpringBoot\pet-clinic\target\classes started by VBayten in c:\Users\VBayten\Documents\programlama\SpringBoot\pet-clinic)
2022-04-24 23:12:35.094  INFO 17292 --- [restartedMain] c.e.petclinic.PetClinicApplication       : The following 1 profile is active: "dev"
2022-04-24 23:12:36.105  INFO 17292 --- [restartedMain] o.s.b.w.embedded.tomcat.TomcatWebServer  : Tomcat initialized with port(s): 8080 (http)
2022-04-24 23:12:36.107  INFO 17292 --- [restartedMain] o.apache.catalina.core.StandardService   : Starting service [Tomcat]
2022-04-24 23:12:36.109  INFO 17292 --- [restartedMain] org.apache.catalina.core.StandardEngine  : Starting Servlet engine: [Apache Tomcat/9.0.60]
2022-04-24 23:12:36.286  INFO 17292 --- [restartedMain] org.apache.jasper.servlet.TldScanner     : At least one JAR was scanned for TLDs yet contained no TLDs. Enable debug logging for this logger for a complete list of JARs that were scanned but no TLDs were found in them. Skipping unneeded JARs during scanning can improve startup time and JSP compilation time.
2022-04-24 23:12:36.292  INFO 17292 --- [restartedMain] o.a.c.c.C.[Tomcat].[localhost].[/]       : Initializing Spring embedded WebApplicationContext
2022-04-24 23:12:36.293  INFO 17292 --- [restartedMain] w.s.c.ServletWebServerApplicationContext : Root WebApplicationContext: initialization completed in 1190 ms
2022-04-24 23:12:36.437 DEBUG 17292 --- [restartedMain] s.w.s.m.m.a.RequestMappingHandlerAdapter : ControllerAdvice beans: 0 @ModelAttribute, 0 @InitBinder, 1 RequestBodyAdvice, 1 ResponseBodyAdvice
2022-04-24 23:12:36.454 DEBUG 17292 --- [restartedMain] s.w.s.m.m.a.RequestMappingHandlerMapping : 10 mappings in 'requestMappingHandlerMapping'
2022-04-24 23:12:36.458  INFO 17292 --- [restartedMain] o.s.b.a.w.s.WelcomePageHandlerMapping    : Adding welcome page: class path resource [public/index.html]
2022-04-24 23:12:36.469 DEBUG 17292 --- [restartedMain] o.s.w.s.handler.SimpleUrlHandlerMapping  : Patterns [/webjars/**, /**] in 'resourceHandlerMapping'
2022-04-24 23:12:36.479 DEBUG 17292 --- [restartedMain] .m.m.a.ExceptionHandlerExceptionResolver : ControllerAdvice beans: 0 @ExceptionHandler, 1 ResponseBodyAdvice
2022-04-24 23:12:36.772  INFO 17292 --- [restartedMain] o.s.b.d.a.OptionalLiveReloadServer       : LiveReload server is running on port 35729
2022-04-24 23:12:36.780  INFO 17292 --- [restartedMain] o.s.b.a.e.web.EndpointLinksResolver      : Exposing 15 endpoint(s) beneath base path '/actuator'
2022-04-24 23:12:36.814  INFO 17292 --- [restartedMain] o.s.b.w.embedded.tomcat.TomcatWebServer  : Tomcat started on port(s): 8080 (http) with context path ''
2022-04-24 23:12:36.831  INFO 17292 --- [restartedMain] c.e.petclinic.PetClinicApplication       : Started PetClinicApplication in 1.81 seconds (JVM running for 1519.218)
2022-04-24 23:12:36.840  INFO 17292 --- [restartedMain] .ConditionEvaluationDeltaLoggingListener : Condition evaluation unchanged
2022-04-24 23:13:34.281  INFO 17292 --- [http-nio-8080-exec-1] o.a.c.c.C.[Tomcat].[localhost].[/]       : Initializing Spring DispatcherServlet 'dispatcherServlet'
2022-04-24 23:13:34.283  INFO 17292 --- [http-nio-8080-exec-1] o.s.web.servlet.DispatcherServlet        : Initializing Servlet 'dispatcherServlet'
2022-04-24 23:13:34.283 DEBUG 17292 --- [http-nio-8080-exec-1] o.s.web.servlet.DispatcherServlet        : Detected StandardServletMultipartResolver
2022-04-24 23:13:34.284 DEBUG 17292 --- [http-nio-8080-exec-1] o.s.web.servlet.DispatcherServlet        : Detected AcceptHeaderLocaleResolver
2022-04-24 23:13:34.284 DEBUG 17292 --- [http-nio-8080-exec-1] o.s.web.servlet.DispatcherServlet        : Detected FixedThemeResolver
2022-04-24 23:13:34.287 DEBUG 17292 --- [http-nio-8080-exec-1] o.s.web.servlet.DispatcherServlet        : Detected org.springframework.web.servlet.view.DefaultRequestToViewNameTranslator@4ca4fc8d
2022-04-24 23:13:34.289 DEBUG 17292 --- [http-nio-8080-exec-1] o.s.web.servlet.DispatcherServlet        : Detected org.springframework.web.servlet.support.SessionFlashMapManager@42631b69
2022-04-24 23:13:34.289 DEBUG 17292 --- [http-nio-8080-exec-1] o.s.web.servlet.DispatcherServlet        : enableLoggingRequestDetails='false': request parameters and headers will be masked to prevent unsafe logging of potentially sensitive data
2022-04-24 23:13:34.289  INFO 17292 --- [http-nio-8080-exec-1] o.s.web.servlet.DispatcherServlet        : Completed initialization in 6 ms
2022-04-24 23:13:34.290 DEBUG 17292 --- [http-nio-8080-exec-1] o.s.web.servlet.DispatcherServlet        : DELETE "/rest/owner/1", parameters={}
2022-04-24 23:13:34.291 DEBUG 17292 --- [http-nio-8080-exec-1] s.w.s.m.m.a.RequestMappingHandlerMapping : Mapped to com.example.petclinic.web.PetClinicRestController#deleteOwner(Long)
2022-04-24 23:13:34.295 DEBUG 17292 --- [http-nio-8080-exec-1] o.s.w.s.m.m.a.HttpEntityMethodProcessor  : Using 'application/octet-stream', given [*/*] and supported [*/*]
2022-04-24 23:13:34.295 DEBUG 17292 --- [http-nio-8080-exec-1] o.s.web.servlet.DispatcherServlet        : Completed 200 OK
2022-04-24 23:13:34.514 DEBUG 17292 --- [http-nio-8080-exec-2] o.s.web.servlet.DispatcherServlet        : GET "/rest/owner/1", parameters={}
2022-04-24 23:13:34.516 DEBUG 17292 --- [http-nio-8080-exec-2] s.w.s.m.m.a.RequestMappingHandlerMapping : Mapped to com.example.petclinic.web.PetClinicRestController#getOwner(Long)
2022-04-24 23:13:34.525 DEBUG 17292 --- [http-nio-8080-exec-2] o.s.w.s.m.m.a.HttpEntityMethodProcessor  : Using 'application/json', given [application/json, application/*+json] and supported [application/json, application/*+json, application/json, application/*+json]
2022-04-24 23:13:34.526 DEBUG 17292 --- [http-nio-8080-exec-2] o.s.w.s.m.m.a.HttpEntityMethodProcessor  : Nothing to write: null body
2022-04-24 23:13:34.526 DEBUG 17292 --- [http-nio-8080-exec-2] o.s.web.servlet.DispatcherServlet        : Completed 404 NOT_FOUND
2022-04-24 23:13:37.213 DEBUG 17292 --- [http-nio-8080-exec-4] o.s.web.servlet.DispatcherServlet        : GET "/rest/owners", parameters={}
2022-04-24 23:13:37.215 DEBUG 17292 --- [http-nio-8080-exec-4] s.w.s.m.m.a.RequestMappingHandlerMapping : Mapped to com.example.petclinic.web.PetClinicRestController#getOwners()
2022-04-24 23:13:37.222 DEBUG 17292 --- [http-nio-8080-exec-4] o.s.w.s.m.m.a.HttpEntityMethodProcessor  : Using 'application/json;q=0.8', given [text/html, application/xhtml+xml, image/avif, image/webp, image/apng, application/xml;q=0.9, application/signed-exchange;v=b3;q=0.9, */*;q=0.8] and supported [application/json, application/*+json, application/json, application/*+json]
2022-04-24 23:13:37.222 DEBUG 17292 --- [http-nio-8080-exec-4] o.s.w.s.m.m.a.HttpEntityMethodProcessor  : Writing [[Owner [firstName=Hilmi, id=2, lastName=Bay], Owner [firstName=Azra, id=3, lastName=Bay], Owner [fir (truncated)...]
2022-04-24 23:13:37.224 DEBUG 17292 --- [http-nio-8080-exec-4] o.s.web.servlet.DispatcherServlet        : Completed 200 OK
2022-04-24 23:15:22.246  INFO 17292 --- [restartedMain] c.e.petclinic.PetClinicApplication       : Starting PetClinicApplication using Java 11.0.8-internal on HP-5CG5387SS8 with PID 17292 (C:\Users\VBayten\Documents\programlama\SpringBoot\pet-clinic\target\classes started by VBayten in c:\Users\VBayten\Documents\programlama\SpringBoot\pet-clinic)
2022-04-24 23:15:22.247  INFO 17292 --- [restartedMain] c.e.petclinic.PetClinicApplication       : The following 1 profile is active: "dev"
2022-04-24 23:15:22.921  INFO 17292 --- [restartedMain] o.s.b.w.embedded.tomcat.TomcatWebServer  : Tomcat initialized with port(s): 8080 (http)
2022-04-24 23:15:22.923  INFO 17292 --- [restartedMain] o.apache.catalina.core.StandardService   : Starting service [Tomcat]
2022-04-24 23:15:22.924  INFO 17292 --- [restartedMain] org.apache.catalina.core.StandardEngine  : Starting Servlet engine: [Apache Tomcat/9.0.60]
2022-04-24 23:15:23.125  INFO 17292 --- [restartedMain] org.apache.jasper.servlet.TldScanner     : At least one JAR was scanned for TLDs yet contained no TLDs. Enable debug logging for this logger for a complete list of JARs that were scanned but no TLDs were found in them. Skipping unneeded JARs during scanning can improve startup time and JSP compilation time.
2022-04-24 23:15:23.131  INFO 17292 --- [restartedMain] o.a.c.c.C.[Tomcat].[localhost].[/]       : Initializing Spring embedded WebApplicationContext
2022-04-24 23:15:23.131  INFO 17292 --- [restartedMain] w.s.c.ServletWebServerApplicationContext : Root WebApplicationContext: initialization completed in 876 ms
2022-04-24 23:15:23.270 DEBUG 17292 --- [restartedMain] s.w.s.m.m.a.RequestMappingHandlerAdapter : ControllerAdvice beans: 0 @ModelAttribute, 0 @InitBinder, 1 RequestBodyAdvice, 1 ResponseBodyAdvice
2022-04-24 23:15:23.298 DEBUG 17292 --- [restartedMain] s.w.s.m.m.a.RequestMappingHandlerMapping : 10 mappings in 'requestMappingHandlerMapping'
2022-04-24 23:15:23.305  INFO 17292 --- [restartedMain] o.s.b.a.w.s.WelcomePageHandlerMapping    : Adding welcome page: class path resource [public/index.html]
2022-04-24 23:15:23.316 DEBUG 17292 --- [restartedMain] o.s.w.s.handler.SimpleUrlHandlerMapping  : Patterns [/webjars/**, /**] in 'resourceHandlerMapping'
2022-04-24 23:15:23.332 DEBUG 17292 --- [restartedMain] .m.m.a.ExceptionHandlerExceptionResolver : ControllerAdvice beans: 0 @ExceptionHandler, 1 ResponseBodyAdvice
2022-04-24 23:15:23.472  INFO 17292 --- [restartedMain] o.s.b.d.a.OptionalLiveReloadServer       : LiveReload server is running on port 35729
2022-04-24 23:15:23.477  INFO 17292 --- [restartedMain] o.s.b.a.e.web.EndpointLinksResolver      : Exposing 15 endpoint(s) beneath base path '/actuator'
2022-04-24 23:15:23.505  INFO 17292 --- [restartedMain] o.s.b.w.embedded.tomcat.TomcatWebServer  : Tomcat started on port(s): 8080 (http) with context path ''
2022-04-24 23:15:23.518  INFO 17292 --- [restartedMain] c.e.petclinic.PetClinicApplication       : Started PetClinicApplication in 1.344 seconds (JVM running for 1685.906)
2022-04-24 23:15:23.524  INFO 17292 --- [restartedMain] .ConditionEvaluationDeltaLoggingListener : Condition evaluation unchanged
2022-04-24 23:40:34.204  INFO 17292 --- [restartedMain] c.e.petclinic.PetClinicApplication       : Starting PetClinicApplication using Java 11.0.8-internal on HP-5CG5387SS8 with PID 17292 (C:\Users\VBayten\Documents\programlama\SpringBoot\pet-clinic\target\classes started by VBayten in c:\Users\VBayten\Documents\programlama\SpringBoot\pet-clinic)
2022-04-24 23:40:34.206  INFO 17292 --- [restartedMain] c.e.petclinic.PetClinicApplication       : The following 1 profile is active: "dev"
2022-04-24 23:40:34.850  INFO 17292 --- [restartedMain] o.s.b.w.embedded.tomcat.TomcatWebServer  : Tomcat initialized with port(s): 8080 (http)
2022-04-24 23:40:34.852  INFO 17292 --- [restartedMain] o.apache.catalina.core.StandardService   : Starting service [Tomcat]
2022-04-24 23:40:34.854  INFO 17292 --- [restartedMain] org.apache.catalina.core.StandardEngine  : Starting Servlet engine: [Apache Tomcat/9.0.60]
2022-04-24 23:40:35.006  INFO 17292 --- [restartedMain] org.apache.jasper.servlet.TldScanner     : At least one JAR was scanned for TLDs yet contained no TLDs. Enable debug logging for this logger for a complete list of JARs that were scanned but no TLDs were found in them. Skipping unneeded JARs during scanning can improve startup time and JSP compilation time.
2022-04-24 23:40:35.013  INFO 17292 --- [restartedMain] o.a.c.c.C.[Tomcat].[localhost].[/]       : Initializing Spring embedded WebApplicationContext
2022-04-24 23:40:35.013  INFO 17292 --- [restartedMain] w.s.c.ServletWebServerApplicationContext : Root WebApplicationContext: initialization completed in 794 ms
2022-04-24 23:40:35.117 DEBUG 17292 --- [restartedMain] s.w.s.m.m.a.RequestMappingHandlerAdapter : ControllerAdvice beans: 0 @ModelAttribute, 0 @InitBinder, 1 RequestBodyAdvice, 1 ResponseBodyAdvice
2022-04-24 23:40:35.126 DEBUG 17292 --- [restartedMain] s.w.s.m.m.a.RequestMappingHandlerMapping : 10 mappings in 'requestMappingHandlerMapping'
2022-04-24 23:40:35.129  INFO 17292 --- [restartedMain] o.s.b.a.w.s.WelcomePageHandlerMapping    : Adding welcome page: class path resource [public/index.html]
2022-04-24 23:40:35.137 DEBUG 17292 --- [restartedMain] o.s.w.s.handler.SimpleUrlHandlerMapping  : Patterns [/webjars/**, /**] in 'resourceHandlerMapping'
2022-04-24 23:40:35.142 DEBUG 17292 --- [restartedMain] .m.m.a.ExceptionHandlerExceptionResolver : ControllerAdvice beans: 0 @ExceptionHandler, 1 ResponseBodyAdvice
2022-04-24 23:40:35.261  INFO 17292 --- [restartedMain] o.s.b.d.a.OptionalLiveReloadServer       : LiveReload server is running on port 35729
2022-04-24 23:40:35.264  INFO 17292 --- [restartedMain] o.s.b.a.e.web.EndpointLinksResolver      : Exposing 15 endpoint(s) beneath base path '/actuator'
2022-04-24 23:40:35.288  INFO 17292 --- [restartedMain] o.s.b.w.embedded.tomcat.TomcatWebServer  : Tomcat started on port(s): 8080 (http) with context path ''
2022-04-24 23:40:35.308  INFO 17292 --- [restartedMain] c.e.petclinic.PetClinicApplication       : Started PetClinicApplication in 1.247 seconds (JVM running for 3197.695)
2022-04-24 23:40:35.311  INFO 17292 --- [restartedMain] .ConditionEvaluationDeltaLoggingListener : Condition evaluation unchanged
2022-04-24 23:41:31.237  INFO 17292 --- [restartedMain] c.e.petclinic.PetClinicApplication       : Starting PetClinicApplication using Java 11.0.8-internal on HP-5CG5387SS8 with PID 17292 (C:\Users\VBayten\Documents\programlama\SpringBoot\pet-clinic\target\classes started by VBayten in c:\Users\VBayten\Documents\programlama\SpringBoot\pet-clinic)
2022-04-24 23:41:31.239  INFO 17292 --- [restartedMain] c.e.petclinic.PetClinicApplication       : The following 1 profile is active: "dev"
2022-04-24 23:41:32.199  INFO 17292 --- [restartedMain] o.s.b.w.embedded.tomcat.TomcatWebServer  : Tomcat initialized with port(s): 8080 (http)
2022-04-24 23:41:32.201  INFO 17292 --- [restartedMain] o.apache.catalina.core.StandardService   : Starting service [Tomcat]
2022-04-24 23:41:32.202  INFO 17292 --- [restartedMain] org.apache.catalina.core.StandardEngine  : Starting Servlet engine: [Apache Tomcat/9.0.60]
2022-04-24 23:41:32.535  INFO 17292 --- [restartedMain] org.apache.jasper.servlet.TldScanner     : At least one JAR was scanned for TLDs yet contained no TLDs. Enable debug logging for this logger for a complete list of JARs that were scanned but no TLDs were found in them. Skipping unneeded JARs during scanning can improve startup time and JSP compilation time.
2022-04-24 23:41:32.599  INFO 17292 --- [restartedMain] o.a.c.c.C.[Tomcat].[localhost].[/]       : Initializing Spring embedded WebApplicationContext
2022-04-24 23:41:32.601  INFO 17292 --- [restartedMain] w.s.c.ServletWebServerApplicationContext : Root WebApplicationContext: initialization completed in 1353 ms
2022-04-24 23:41:32.865 DEBUG 17292 --- [restartedMain] s.w.s.m.m.a.RequestMappingHandlerAdapter : ControllerAdvice beans: 0 @ModelAttribute, 0 @InitBinder, 1 RequestBodyAdvice, 1 ResponseBodyAdvice
2022-04-24 23:41:32.876 DEBUG 17292 --- [restartedMain] s.w.s.m.m.a.RequestMappingHandlerMapping : 10 mappings in 'requestMappingHandlerMapping'
2022-04-24 23:41:32.879  INFO 17292 --- [restartedMain] o.s.b.a.w.s.WelcomePageHandlerMapping    : Adding welcome page: class path resource [public/index.html]
2022-04-24 23:41:32.896 DEBUG 17292 --- [restartedMain] o.s.w.s.handler.SimpleUrlHandlerMapping  : Patterns [/webjars/**, /**] in 'resourceHandlerMapping'
2022-04-24 23:41:32.905 DEBUG 17292 --- [restartedMain] .m.m.a.ExceptionHandlerExceptionResolver : ControllerAdvice beans: 0 @ExceptionHandler, 1 ResponseBodyAdvice
2022-04-24 23:41:33.219  INFO 17292 --- [restartedMain] o.s.b.d.a.OptionalLiveReloadServer       : LiveReload server is running on port 35729
2022-04-24 23:41:33.226  INFO 17292 --- [restartedMain] o.s.b.a.e.web.EndpointLinksResolver      : Exposing 15 endpoint(s) beneath base path '/actuator'
2022-04-24 23:41:33.277  INFO 17292 --- [restartedMain] o.s.b.w.embedded.tomcat.TomcatWebServer  : Tomcat started on port(s): 8080 (http) with context path ''
2022-04-24 23:41:33.293  INFO 17292 --- [restartedMain] c.e.petclinic.PetClinicApplication       : Started PetClinicApplication in 2.152 seconds (JVM running for 3255.681)
2022-04-24 23:41:33.299  INFO 17292 --- [restartedMain] .ConditionEvaluationDeltaLoggingListener : Condition evaluation unchanged
2022-04-24 23:43:16.857  INFO 17292 --- [http-nio-8080-exec-10] o.a.c.c.C.[Tomcat].[localhost].[/]       : Initializing Spring DispatcherServlet 'dispatcherServlet'
2022-04-24 23:43:16.859  INFO 17292 --- [http-nio-8080-exec-10] o.s.web.servlet.DispatcherServlet        : Initializing Servlet 'dispatcherServlet'
2022-04-24 23:43:16.860 DEBUG 17292 --- [http-nio-8080-exec-10] o.s.web.servlet.DispatcherServlet        : Detected StandardServletMultipartResolver
2022-04-24 23:43:16.860 DEBUG 17292 --- [http-nio-8080-exec-10] o.s.web.servlet.DispatcherServlet        : Detected AcceptHeaderLocaleResolver
2022-04-24 23:43:16.860 DEBUG 17292 --- [http-nio-8080-exec-10] o.s.web.servlet.DispatcherServlet        : Detected FixedThemeResolver
2022-04-24 23:43:16.861 DEBUG 17292 --- [http-nio-8080-exec-10] o.s.web.servlet.DispatcherServlet        : Detected org.springframework.web.servlet.view.DefaultRequestToViewNameTranslator@5c9353ea
2022-04-24 23:43:16.862 DEBUG 17292 --- [http-nio-8080-exec-10] o.s.web.servlet.DispatcherServlet        : Detected org.springframework.web.servlet.support.SessionFlashMapManager@5254b608
2022-04-24 23:43:16.863 DEBUG 17292 --- [http-nio-8080-exec-10] o.s.web.servlet.DispatcherServlet        : enableLoggingRequestDetails='false': request parameters and headers will be masked to prevent unsafe logging of potentially sensitive data
2022-04-24 23:43:16.863  INFO 17292 --- [http-nio-8080-exec-10] o.s.web.servlet.DispatcherServlet        : Completed initialization in 4 ms
2022-04-24 23:43:16.864 DEBUG 17292 --- [http-nio-8080-exec-10] o.s.web.servlet.DispatcherServlet        : DELETE "/rest/owner/1", parameters={}
2022-04-24 23:43:16.867 DEBUG 17292 --- [http-nio-8080-exec-10] s.w.s.m.m.a.RequestMappingHandlerMapping : Mapped to com.example.petclinic.web.PetClinicRestController#deleteOwner(Long)
2022-04-24 23:43:16.870 DEBUG 17292 --- [http-nio-8080-exec-10] o.s.w.s.m.m.a.HttpEntityMethodProcessor  : Using 'application/octet-stream', given [*/*] and supported [*/*]
2022-04-24 23:43:16.871 DEBUG 17292 --- [http-nio-8080-exec-10] o.s.web.servlet.DispatcherServlet        : Completed 200 OK
2022-04-24 23:43:17.066 DEBUG 17292 --- [http-nio-8080-exec-9] o.s.web.servlet.DispatcherServlet        : GET "/rest/owner/1", parameters={}
2022-04-24 23:43:17.068 DEBUG 17292 --- [http-nio-8080-exec-9] s.w.s.m.m.a.RequestMappingHandlerMapping : Mapped to com.example.petclinic.web.PetClinicRestController#getOwner(Long)
